No preprocessing on spatial data
File ../data/cr_tutorialA_cropped.npy already exists and has been loaded instead.
No preprocessing on trace data.                   ../data/cr_tutorialCraw_normalized.npy already                   exists and has been loaded instead.
Successfully loaded data.
Training and test data loaded
Number of samples in training set: 11603
Number of samples in test set: 2901

=== SAN ===
[I 2020-09-29 13:38:39,087] A new study created in memory with name: no-name-597bd4ce-419e-473b-90a9-d1a6dae4ccd6
spatial feature len: 6400, temporal feature len: 300
training Results - Epoch: 1  Avg accuracy: 0.87 Avg loss: 0.29 Avg F1: 0.91
validation Results - Epoch: 1  Avg accuracy: 0.88 Avg loss: 0.29 Avg F1: 0.91
training Results - Epoch: 2  Avg accuracy: 0.83 Avg loss: 0.42 Avg F1: 0.88
validation Results - Epoch: 2  Avg accuracy: 0.83 Avg loss: 0.42 Avg F1: 0.88
training Results - Epoch: 3  Avg accuracy: 0.89 Avg loss: 0.26 Avg F1: 0.91
validation Results - Epoch: 3  Avg accuracy: 0.89 Avg loss: 0.26 Avg F1: 0.91
training Results - Epoch: 4  Avg accuracy: 0.89 Avg loss: 0.26 Avg F1: 0.92
validation Results - Epoch: 4  Avg accuracy: 0.90 Avg loss: 0.26 Avg F1: 0.92
training Results - Epoch: 5  Avg accuracy: 0.89 Avg loss: 0.26 Avg F1: 0.92
validation Results - Epoch: 5  Avg accuracy: 0.90 Avg loss: 0.26 Avg F1: 0.92
training Results - Epoch: 6  Avg accuracy: 0.90 Avg loss: 0.25 Avg F1: 0.92
validation Results - Epoch: 6  Avg accuracy: 0.90 Avg loss: 0.25 Avg F1: 0.92
training Results - Epoch: 7  Avg accuracy: 0.90 Avg loss: 0.24 Avg F1: 0.92
validation Results - Epoch: 7  Avg accuracy: 0.90 Avg loss: 0.25 Avg F1: 0.92
training Results - Epoch: 8  Avg accuracy: 0.90 Avg loss: 0.27 Avg F1: 0.92
validation Results - Epoch: 8  Avg accuracy: 0.90 Avg loss: 0.27 Avg F1: 0.92
[I 2020-09-29 13:56:39,101] Trial 0 finished with value: 0.9229166666666667 and parameters: {'block_num': 4, 'layer_size_hop': 5, 'kernel_size': 7}. Best is trial 0 with value: 0.9229166666666667.
spatial feature len: 51200, temporal feature len: 300
training Results - Epoch: 1  Avg accuracy: 0.80 Avg loss: 0.46 Avg F1: 0.82
validation Results - Epoch: 1  Avg accuracy: 0.78 Avg loss: 0.47 Avg F1: 0.81
training Results - Epoch: 2  Avg accuracy: 0.88 Avg loss: 0.30 Avg F1: 0.91
validation Results - Epoch: 2  Avg accuracy: 0.88 Avg loss: 0.29 Avg F1: 0.91
training Results - Epoch: 3  Avg accuracy: 0.89 Avg loss: 0.29 Avg F1: 0.91
validation Results - Epoch: 3  Avg accuracy: 0.88 Avg loss: 0.30 Avg F1: 0.90
training Results - Epoch: 4  Avg accuracy: 0.90 Avg loss: 0.25 Avg F1: 0.92
validation Results - Epoch: 4  Avg accuracy: 0.89 Avg loss: 0.27 Avg F1: 0.91
training Results - Epoch: 5  Avg accuracy: 0.89 Avg loss: 0.25 Avg F1: 0.92
validation Results - Epoch: 5  Avg accuracy: 0.89 Avg loss: 0.26 Avg F1: 0.92
training Results - Epoch: 6  Avg accuracy: 0.90 Avg loss: 0.25 Avg F1: 0.92
validation Results - Epoch: 6  Avg accuracy: 0.89 Avg loss: 0.27 Avg F1: 0.92
training Results - Epoch: 7  Avg accuracy: 0.89 Avg loss: 0.25 Avg F1: 0.92
validation Results - Epoch: 7  Avg accuracy: 0.88 Avg loss: 0.28 Avg F1: 0.91
training Results - Epoch: 8  Avg accuracy: 0.90 Avg loss: 0.23 Avg F1: 0.93
validation Results - Epoch: 8  Avg accuracy: 0.89 Avg loss: 0.26 Avg F1: 0.92
training Results - Epoch: 9  Avg accuracy: 0.91 Avg loss: 0.22 Avg F1: 0.93
validation Results - Epoch: 9  Avg accuracy: 0.89 Avg loss: 0.27 Avg F1: 0.91
training Results - Epoch: 10  Avg accuracy: 0.90 Avg loss: 0.23 Avg F1: 0.93
validation Results - Epoch: 10  Avg accuracy: 0.88 Avg loss: 0.27 Avg F1: 0.91
training Results - Epoch: 11  Avg accuracy: 0.91 Avg loss: 0.21 Avg F1: 0.93
validation Results - Epoch: 11  Avg accuracy: 0.89 Avg loss: 0.27 Avg F1: 0.92
training Results - Epoch: 12  Avg accuracy: 0.91 Avg loss: 0.21 Avg F1: 0.93
validation Results - Epoch: 12  Avg accuracy: 0.89 Avg loss: 0.27 Avg F1: 0.92
training Results - Epoch: 13  Avg accuracy: 0.91 Avg loss: 0.21 Avg F1: 0.93
validation Results - Epoch: 13  Avg accuracy: 0.88 Avg loss: 0.29 Avg F1: 0.91
[I 2020-09-29 14:00:33,124] Trial 1 finished with value: 0.9329284393979403 and parameters: {'block_num': 1, 'layer_size_hop': 2, 'kernel_size': 7}. Best is trial 1 with value: 0.9329284393979403.
spatial feature len: 51200, temporal feature len: 300
training Results - Epoch: 1  Avg accuracy: 0.82 Avg loss: 0.41 Avg F1: 0.84
validation Results - Epoch: 1  Avg accuracy: 0.81 Avg loss: 0.42 Avg F1: 0.83
training Results - Epoch: 2  Avg accuracy: 0.88 Avg loss: 0.31 Avg F1: 0.90
validation Results - Epoch: 2  Avg accuracy: 0.87 Avg loss: 0.31 Avg F1: 0.90
training Results - Epoch: 3  Avg accuracy: 0.89 Avg loss: 0.25 Avg F1: 0.92
validation Results - Epoch: 3  Avg accuracy: 0.88 Avg loss: 0.27 Avg F1: 0.91
training Results - Epoch: 4  Avg accuracy: 0.89 Avg loss: 0.25 Avg F1: 0.92
validation Results - Epoch: 4  Avg accuracy: 0.88 Avg loss: 0.28 Avg F1: 0.91
training Results - Epoch: 5  Avg accuracy: 0.90 Avg loss: 0.23 Avg F1: 0.92
validation Results - Epoch: 5  Avg accuracy: 0.89 Avg loss: 0.27 Avg F1: 0.91
training Results - Epoch: 6  Avg accuracy: 0.90 Avg loss: 0.24 Avg F1: 0.92
validation Results - Epoch: 6  Avg accuracy: 0.89 Avg loss: 0.27 Avg F1: 0.91
training Results - Epoch: 7  Avg accuracy: 0.90 Avg loss: 0.23 Avg F1: 0.92
validation Results - Epoch: 7  Avg accuracy: 0.88 Avg loss: 0.28 Avg F1: 0.90
[I 2020-09-29 14:02:43,619] Trial 2 finished with value: 0.92214063636965 and parameters: {'block_num': 1, 'layer_size_hop': 2, 'kernel_size': 7}. Best is trial 1 with value: 0.9329284393979403.
spatial feature len: 2048, temporal feature len: 300
training Results - Epoch: 1  Avg accuracy: 0.88 Avg loss: 0.28 Avg F1: 0.91
validation Results - Epoch: 1  Avg accuracy: 0.88 Avg loss: 0.28 Avg F1: 0.91
training Results - Epoch: 2  Avg accuracy: 0.89 Avg loss: 0.26 Avg F1: 0.92
validation Results - Epoch: 2  Avg accuracy: 0.89 Avg loss: 0.26 Avg F1: 0.92
training Results - Epoch: 3  Avg accuracy: 0.90 Avg loss: 0.26 Avg F1: 0.92
validation Results - Epoch: 3  Avg accuracy: 0.89 Avg loss: 0.28 Avg F1: 0.92
training Results - Epoch: 4  Avg accuracy: 0.90 Avg loss: 0.25 Avg F1: 0.92
validation Results - Epoch: 4  Avg accuracy: 0.90 Avg loss: 0.26 Avg F1: 0.92
training Results - Epoch: 5  Avg accuracy: 0.90 Avg loss: 0.25 Avg F1: 0.92
validation Results - Epoch: 5  Avg accuracy: 0.89 Avg loss: 0.29 Avg F1: 0.91
training Results - Epoch: 6  Avg accuracy: 0.90 Avg loss: 0.24 Avg F1: 0.92
validation Results - Epoch: 6  Avg accuracy: 0.90 Avg loss: 0.26 Avg F1: 0.92
training Results - Epoch: 7  Avg accuracy: 0.89 Avg loss: 0.26 Avg F1: 0.91
validation Results - Epoch: 7  Avg accuracy: 0.88 Avg loss: 0.28 Avg F1: 0.90
[I 2020-09-29 14:14:56,507] Trial 3 finished with value: 0.920405982905983 and parameters: {'block_num': 5, 'layer_size_hop': 2, 'kernel_size': 5}. Best is trial 1 with value: 0.9329284393979403.
spatial feature len: 2048, temporal feature len: 300
training Results - Epoch: 1  Avg accuracy: 0.87 Avg loss: 0.33 Avg F1: 0.90
validation Results - Epoch: 1  Avg accuracy: 0.86 Avg loss: 0.33 Avg F1: 0.90
training Results - Epoch: 2  Avg accuracy: 0.88 Avg loss: 0.29 Avg F1: 0.91
validation Results - Epoch: 2  Avg accuracy: 0.88 Avg loss: 0.30 Avg F1: 0.91
training Results - Epoch: 3  Avg accuracy: 0.89 Avg loss: 0.26 Avg F1: 0.92
validation Results - Epoch: 3  Avg accuracy: 0.89 Avg loss: 0.27 Avg F1: 0.91
training Results - Epoch: 4  Avg accuracy: 0.89 Avg loss: 0.27 Avg F1: 0.92
validation Results - Epoch: 4  Avg accuracy: 0.89 Avg loss: 0.28 Avg F1: 0.91
training Results - Epoch: 5  Avg accuracy: 0.89 Avg loss: 0.26 Avg F1: 0.92
validation Results - Epoch: 5  Avg accuracy: 0.89 Avg loss: 0.27 Avg F1: 0.92
training Results - Epoch: 6  Avg accuracy: 0.89 Avg loss: 0.27 Avg F1: 0.92
validation Results - Epoch: 6  Avg accuracy: 0.89 Avg loss: 0.28 Avg F1: 0.92
training Results - Epoch: 7  Avg accuracy: 0.90 Avg loss: 0.25 Avg F1: 0.92
validation Results - Epoch: 7  Avg accuracy: 0.89 Avg loss: 0.27 Avg F1: 0.92
training Results - Epoch: 8  Avg accuracy: 0.89 Avg loss: 0.25 Avg F1: 0.92
validation Results - Epoch: 8  Avg accuracy: 0.89 Avg loss: 0.27 Avg F1: 0.92
training Results - Epoch: 9  Avg accuracy: 0.89 Avg loss: 0.25 Avg F1: 0.92
validation Results - Epoch: 9  Avg accuracy: 0.89 Avg loss: 0.27 Avg F1: 0.91
training Results - Epoch: 10  Avg accuracy: 0.89 Avg loss: 0.26 Avg F1: 0.92
validation Results - Epoch: 10  Avg accuracy: 0.89 Avg loss: 0.28 Avg F1: 0.92
training Results - Epoch: 11  Avg accuracy: 0.89 Avg loss: 0.27 Avg F1: 0.92
validation Results - Epoch: 11  Avg accuracy: 0.89 Avg loss: 0.28 Avg F1: 0.92
[I 2020-09-29 14:39:21,103] Trial 4 finished with value: 0.9198001577701814 and parameters: {'block_num': 5, 'layer_size_hop': 3, 'kernel_size': 5}. Best is trial 1 with value: 0.9329284393979403.
spatial feature len: 25600, temporal feature len: 300
training Results - Epoch: 1  Avg accuracy: 0.68 Avg loss: 0.53 Avg F1: 0.66
validation Results - Epoch: 1  Avg accuracy: 0.68 Avg loss: 0.53 Avg F1: 0.66
training Results - Epoch: 2  Avg accuracy: 0.78 Avg loss: 0.48 Avg F1: 0.80
validation Results - Epoch: 2  Avg accuracy: 0.76 Avg loss: 0.47 Avg F1: 0.78
training Results - Epoch: 3  Avg accuracy: 0.84 Avg loss: 0.32 Avg F1: 0.86
validation Results - Epoch: 3  Avg accuracy: 0.83 Avg loss: 0.33 Avg F1: 0.85
training Results - Epoch: 4  Avg accuracy: 0.90 Avg loss: 0.25 Avg F1: 0.92
validation Results - Epoch: 4  Avg accuracy: 0.89 Avg loss: 0.26 Avg F1: 0.92
training Results - Epoch: 5  Avg accuracy: 0.87 Avg loss: 0.29 Avg F1: 0.89
validation Results - Epoch: 5  Avg accuracy: 0.85 Avg loss: 0.31 Avg F1: 0.88
training Results - Epoch: 6  Avg accuracy: 0.87 Avg loss: 0.28 Avg F1: 0.90
validation Results - Epoch: 6  Avg accuracy: 0.86 Avg loss: 0.30 Avg F1: 0.88
[I 2020-09-29 14:42:54,859] Trial 5 finished with value: 0.9209084836339344 and parameters: {'block_num': 2, 'layer_size_hop': 4, 'kernel_size': 3}. Best is trial 1 with value: 0.9329284393979403.
spatial feature len: 12800, temporal feature len: 300
training Results - Epoch: 1  Avg accuracy: 0.89 Avg loss: 0.28 Avg F1: 0.91
validation Results - Epoch: 1  Avg accuracy: 0.89 Avg loss: 0.27 Avg F1: 0.91
training Results - Epoch: 2  Avg accuracy: 0.89 Avg loss: 0.28 Avg F1: 0.91
validation Results - Epoch: 2  Avg accuracy: 0.89 Avg loss: 0.28 Avg F1: 0.91
training Results - Epoch: 3  Avg accuracy: 0.89 Avg loss: 0.27 Avg F1: 0.91
validation Results - Epoch: 3  Avg accuracy: 0.89 Avg loss: 0.27 Avg F1: 0.91
training Results - Epoch: 4  Avg accuracy: 0.89 Avg loss: 0.27 Avg F1: 0.91
validation Results - Epoch: 4  Avg accuracy: 0.88 Avg loss: 0.27 Avg F1: 0.91
[I 2020-09-29 14:47:03,803] Trial 6 finished with value: 0.9138339920948617 and parameters: {'block_num': 3, 'layer_size_hop': 3, 'kernel_size': 7}. Best is trial 1 with value: 0.9329284393979403.
spatial feature len: 12800, temporal feature len: 300
training Results - Epoch: 1  Avg accuracy: 0.87 Avg loss: 0.36 Avg F1: 0.89
validation Results - Epoch: 1  Avg accuracy: 0.86 Avg loss: 0.35 Avg F1: 0.89
training Results - Epoch: 2  Avg accuracy: 0.89 Avg loss: 0.27 Avg F1: 0.91
validation Results - Epoch: 2  Avg accuracy: 0.88 Avg loss: 0.27 Avg F1: 0.91
training Results - Epoch: 3  Avg accuracy: 0.89 Avg loss: 0.28 Avg F1: 0.91
validation Results - Epoch: 3  Avg accuracy: 0.89 Avg loss: 0.28 Avg F1: 0.92
training Results - Epoch: 4  Avg accuracy: 0.89 Avg loss: 0.26 Avg F1: 0.91
validation Results - Epoch: 4  Avg accuracy: 0.89 Avg loss: 0.27 Avg F1: 0.92
training Results - Epoch: 5  Avg accuracy: 0.89 Avg loss: 0.26 Avg F1: 0.92
validation Results - Epoch: 5  Avg accuracy: 0.89 Avg loss: 0.27 Avg F1: 0.92
training Results - Epoch: 6  Avg accuracy: 0.90 Avg loss: 0.25 Avg F1: 0.92
validation Results - Epoch: 6  Avg accuracy: 0.90 Avg loss: 0.26 Avg F1: 0.92
training Results - Epoch: 7  Avg accuracy: 0.90 Avg loss: 0.25 Avg F1: 0.92
validation Results - Epoch: 7  Avg accuracy: 0.89 Avg loss: 0.26 Avg F1: 0.92
training Results - Epoch: 8  Avg accuracy: 0.90 Avg loss: 0.25 Avg F1: 0.92
validation Results - Epoch: 8  Avg accuracy: 0.90 Avg loss: 0.26 Avg F1: 0.92
training Results - Epoch: 9  Avg accuracy: 0.90 Avg loss: 0.25 Avg F1: 0.92
validation Results - Epoch: 9  Avg accuracy: 0.90 Avg loss: 0.26 Avg F1: 0.92
training Results - Epoch: 10  Avg accuracy: 0.90 Avg loss: 0.25 Avg F1: 0.92
validation Results - Epoch: 10  Avg accuracy: 0.90 Avg loss: 0.26 Avg F1: 0.92
training Results - Epoch: 11  Avg accuracy: 0.90 Avg loss: 0.25 Avg F1: 0.92
validation Results - Epoch: 11  Avg accuracy: 0.90 Avg loss: 0.26 Avg F1: 0.92
training Results - Epoch: 12  Avg accuracy: 0.90 Avg loss: 0.25 Avg F1: 0.92
validation Results - Epoch: 12  Avg accuracy: 0.90 Avg loss: 0.26 Avg F1: 0.92
training Results - Epoch: 13  Avg accuracy: 0.90 Avg loss: 0.25 Avg F1: 0.92
validation Results - Epoch: 13  Avg accuracy: 0.90 Avg loss: 0.26 Avg F1: 0.92
training Results - Epoch: 14  Avg accuracy: 0.90 Avg loss: 0.25 Avg F1: 0.92
validation Results - Epoch: 14  Avg accuracy: 0.90 Avg loss: 0.27 Avg F1: 0.92
training Results - Epoch: 15  Avg accuracy: 0.90 Avg loss: 0.25 Avg F1: 0.92
validation Results - Epoch: 15  Avg accuracy: 0.90 Avg loss: 0.27 Avg F1: 0.92
[I 2020-09-29 15:07:35,141] Trial 7 finished with value: 0.922710428798306 and parameters: {'block_num': 3, 'layer_size_hop': 5, 'kernel_size': 7}. Best is trial 1 with value: 0.9329284393979403.
spatial feature len: 12800, temporal feature len: 300
training Results - Epoch: 1  Avg accuracy: 0.87 Avg loss: 0.34 Avg F1: 0.90
validation Results - Epoch: 1  Avg accuracy: 0.87 Avg loss: 0.34 Avg F1: 0.91
training Results - Epoch: 2  Avg accuracy: 0.89 Avg loss: 0.27 Avg F1: 0.92
validation Results - Epoch: 2  Avg accuracy: 0.89 Avg loss: 0.27 Avg F1: 0.92
training Results - Epoch: 3  Avg accuracy: 0.85 Avg loss: 0.35 Avg F1: 0.90
validation Results - Epoch: 3  Avg accuracy: 0.86 Avg loss: 0.34 Avg F1: 0.90
training Results - Epoch: 4  Avg accuracy: 0.89 Avg loss: 0.25 Avg F1: 0.92
validation Results - Epoch: 4  Avg accuracy: 0.89 Avg loss: 0.26 Avg F1: 0.91
training Results - Epoch: 5  Avg accuracy: 0.90 Avg loss: 0.24 Avg F1: 0.92
validation Results - Epoch: 5  Avg accuracy: 0.90 Avg loss: 0.25 Avg F1: 0.92
[I 2020-09-29 15:14:20,103] Trial 8 finished with value: 0.9199167966718669 and parameters: {'block_num': 3, 'layer_size_hop': 5, 'kernel_size': 7}. Best is trial 1 with value: 0.9329284393979403.
spatial feature len: 6400, temporal feature len: 300
training Results - Epoch: 1  Avg accuracy: 0.88 Avg loss: 0.30 Avg F1: 0.90
validation Results - Epoch: 1  Avg accuracy: 0.87 Avg loss: 0.30 Avg F1: 0.90
training Results - Epoch: 2  Avg accuracy: 0.89 Avg loss: 0.28 Avg F1: 0.91
validation Results - Epoch: 2  Avg accuracy: 0.89 Avg loss: 0.28 Avg F1: 0.92
training Results - Epoch: 3  Avg accuracy: 0.88 Avg loss: 0.28 Avg F1: 0.91
validation Results - Epoch: 3  Avg accuracy: 0.88 Avg loss: 0.27 Avg F1: 0.91
training Results - Epoch: 4  Avg accuracy: 0.88 Avg loss: 0.28 Avg F1: 0.91
validation Results - Epoch: 4  Avg accuracy: 0.88 Avg loss: 0.28 Avg F1: 0.91
training Results - Epoch: 5  Avg accuracy: 0.89 Avg loss: 0.28 Avg F1: 0.92
validation Results - Epoch: 5  Avg accuracy: 0.89 Avg loss: 0.28 Avg F1: 0.92
[I 2020-09-29 15:25:17,250] Trial 9 finished with value: 0.9176289453425712 and parameters: {'block_num': 4, 'layer_size_hop': 5, 'kernel_size': 7}. Best is trial 1 with value: 0.9329284393979403.
spatial feature len: 51200, temporal feature len: 300
training Results - Epoch: 1  Avg accuracy: 0.85 Avg loss: 0.37 Avg F1: 0.88
validation Results - Epoch: 1  Avg accuracy: 0.86 Avg loss: 0.36 Avg F1: 0.88
training Results - Epoch: 2  Avg accuracy: 0.88 Avg loss: 0.33 Avg F1: 0.91
validation Results - Epoch: 2  Avg accuracy: 0.88 Avg loss: 0.33 Avg F1: 0.91
training Results - Epoch: 3  Avg accuracy: 0.87 Avg loss: 0.28 Avg F1: 0.90
validation Results - Epoch: 3  Avg accuracy: 0.88 Avg loss: 0.28 Avg F1: 0.91
training Results - Epoch: 4  Avg accuracy: 0.89 Avg loss: 0.27 Avg F1: 0.91
validation Results - Epoch: 4  Avg accuracy: 0.89 Avg loss: 0.27 Avg F1: 0.92
training Results - Epoch: 5  Avg accuracy: 0.88 Avg loss: 0.27 Avg F1: 0.91
validation Results - Epoch: 5  Avg accuracy: 0.88 Avg loss: 0.28 Avg F1: 0.91
training Results - Epoch: 6  Avg accuracy: 0.90 Avg loss: 0.24 Avg F1: 0.92
validation Results - Epoch: 6  Avg accuracy: 0.89 Avg loss: 0.27 Avg F1: 0.92
training Results - Epoch: 7  Avg accuracy: 0.90 Avg loss: 0.23 Avg F1: 0.92
validation Results - Epoch: 7  Avg accuracy: 0.89 Avg loss: 0.27 Avg F1: 0.92
training Results - Epoch: 8  Avg accuracy: 0.89 Avg loss: 0.23 Avg F1: 0.92
validation Results - Epoch: 8  Avg accuracy: 0.88 Avg loss: 0.27 Avg F1: 0.91
training Results - Epoch: 9  Avg accuracy: 0.90 Avg loss: 0.22 Avg F1: 0.93
validation Results - Epoch: 9  Avg accuracy: 0.89 Avg loss: 0.29 Avg F1: 0.91
training Results - Epoch: 10  Avg accuracy: 0.90 Avg loss: 0.22 Avg F1: 0.93
validation Results - Epoch: 10  Avg accuracy: 0.88 Avg loss: 0.29 Avg F1: 0.91
training Results - Epoch: 11  Avg accuracy: 0.90 Avg loss: 0.22 Avg F1: 0.92
validation Results - Epoch: 11  Avg accuracy: 0.88 Avg loss: 0.31 Avg F1: 0.91
training Results - Epoch: 12  Avg accuracy: 0.91 Avg loss: 0.21 Avg F1: 0.93
validation Results - Epoch: 12  Avg accuracy: 0.89 Avg loss: 0.33 Avg F1: 0.91
training Results - Epoch: 13  Avg accuracy: 0.92 Avg loss: 0.21 Avg F1: 0.94
validation Results - Epoch: 13  Avg accuracy: 0.89 Avg loss: 0.34 Avg F1: 0.92
training Results - Epoch: 14  Avg accuracy: 0.92 Avg loss: 0.21 Avg F1: 0.93
validation Results - Epoch: 14  Avg accuracy: 0.88 Avg loss: 0.35 Avg F1: 0.91
training Results - Epoch: 15  Avg accuracy: 0.92 Avg loss: 0.19 Avg F1: 0.94
validation Results - Epoch: 15  Avg accuracy: 0.89 Avg loss: 0.37 Avg F1: 0.91
training Results - Epoch: 16  Avg accuracy: 0.93 Avg loss: 0.17 Avg F1: 0.94
validation Results - Epoch: 16  Avg accuracy: 0.88 Avg loss: 0.34 Avg F1: 0.91
training Results - Epoch: 17  Avg accuracy: 0.94 Avg loss: 0.15 Avg F1: 0.95
validation Results - Epoch: 17  Avg accuracy: 0.88 Avg loss: 0.39 Avg F1: 0.91
training Results - Epoch: 18  Avg accuracy: 0.93 Avg loss: 0.17 Avg F1: 0.95
validation Results - Epoch: 18  Avg accuracy: 0.88 Avg loss: 0.45 Avg F1: 0.91
training Results - Epoch: 19  Avg accuracy: 0.94 Avg loss: 0.16 Avg F1: 0.95
validation Results - Epoch: 19  Avg accuracy: 0.88 Avg loss: 0.39 Avg F1: 0.91
training Results - Epoch: 20  Avg accuracy: 0.95 Avg loss: 0.15 Avg F1: 0.96
validation Results - Epoch: 20  Avg accuracy: 0.88 Avg loss: 0.42 Avg F1: 0.91
training Results - Epoch: 21  Avg accuracy: 0.94 Avg loss: 0.15 Avg F1: 0.96
validation Results - Epoch: 21  Avg accuracy: 0.88 Avg loss: 0.50 Avg F1: 0.90
training Results - Epoch: 22  Avg accuracy: 0.95 Avg loss: 0.13 Avg F1: 0.96
validation Results - Epoch: 22  Avg accuracy: 0.88 Avg loss: 0.56 Avg F1: 0.91
training Results - Epoch: 23  Avg accuracy: 0.95 Avg loss: 0.14 Avg F1: 0.96
validation Results - Epoch: 23  Avg accuracy: 0.88 Avg loss: 0.44 Avg F1: 0.91
training Results - Epoch: 24  Avg accuracy: 0.95 Avg loss: 0.13 Avg F1: 0.96
validation Results - Epoch: 24  Avg accuracy: 0.88 Avg loss: 0.44 Avg F1: 0.91
[I 2020-09-29 15:32:31,238] Trial 10 finished with value: 0.9620218948506556 and parameters: {'block_num': 1, 'layer_size_hop': 2, 'kernel_size': 3}. Best is trial 10 with value: 0.9620218948506556.
spatial feature len: 51200, temporal feature len: 300
training Results - Epoch: 1  Avg accuracy: 0.82 Avg loss: 0.41 Avg F1: 0.85
validation Results - Epoch: 1  Avg accuracy: 0.82 Avg loss: 0.40 Avg F1: 0.84
training Results - Epoch: 2  Avg accuracy: 0.89 Avg loss: 0.26 Avg F1: 0.92
validation Results - Epoch: 2  Avg accuracy: 0.89 Avg loss: 0.27 Avg F1: 0.91
training Results - Epoch: 3  Avg accuracy: 0.89 Avg loss: 0.26 Avg F1: 0.92
validation Results - Epoch: 3  Avg accuracy: 0.89 Avg loss: 0.27 Avg F1: 0.92
training Results - Epoch: 4  Avg accuracy: 0.90 Avg loss: 0.24 Avg F1: 0.92
validation Results - Epoch: 4  Avg accuracy: 0.89 Avg loss: 0.26 Avg F1: 0.92
training Results - Epoch: 5  Avg accuracy: 0.90 Avg loss: 0.25 Avg F1: 0.92
validation Results - Epoch: 5  Avg accuracy: 0.89 Avg loss: 0.28 Avg F1: 0.92
training Results - Epoch: 6  Avg accuracy: 0.90 Avg loss: 0.24 Avg F1: 0.92
validation Results - Epoch: 6  Avg accuracy: 0.89 Avg loss: 0.27 Avg F1: 0.92
training Results - Epoch: 7  Avg accuracy: 0.90 Avg loss: 0.26 Avg F1: 0.92
validation Results - Epoch: 7  Avg accuracy: 0.89 Avg loss: 0.30 Avg F1: 0.91
training Results - Epoch: 8  Avg accuracy: 0.90 Avg loss: 0.23 Avg F1: 0.93
validation Results - Epoch: 8  Avg accuracy: 0.88 Avg loss: 0.29 Avg F1: 0.91
training Results - Epoch: 9  Avg accuracy: 0.91 Avg loss: 0.23 Avg F1: 0.93
validation Results - Epoch: 9  Avg accuracy: 0.89 Avg loss: 0.31 Avg F1: 0.91
training Results - Epoch: 10  Avg accuracy: 0.91 Avg loss: 0.21 Avg F1: 0.93
validation Results - Epoch: 10  Avg accuracy: 0.88 Avg loss: 0.34 Avg F1: 0.91
training Results - Epoch: 11  Avg accuracy: 0.92 Avg loss: 0.21 Avg F1: 0.93
validation Results - Epoch: 11  Avg accuracy: 0.88 Avg loss: 0.31 Avg F1: 0.91
training Results - Epoch: 12  Avg accuracy: 0.92 Avg loss: 0.20 Avg F1: 0.94
validation Results - Epoch: 12  Avg accuracy: 0.88 Avg loss: 0.33 Avg F1: 0.91
training Results - Epoch: 13  Avg accuracy: 0.91 Avg loss: 0.21 Avg F1: 0.92
validation Results - Epoch: 13  Avg accuracy: 0.86 Avg loss: 0.32 Avg F1: 0.89
training Results - Epoch: 14  Avg accuracy: 0.91 Avg loss: 0.21 Avg F1: 0.93
validation Results - Epoch: 14  Avg accuracy: 0.87 Avg loss: 0.37 Avg F1: 0.90
