[I 2020-09-29 17:04:56,688] Trial 6 finished with value: 0.9292682926829268 and parameters: {'t_hidden_dim': 100, 't_output_dim': 450}. Best is trial 6 with value: 0.9292682926829268.
spatial feature len: 6400, temporal feature len: 450
training Results - Epoch: 1  Avg accuracy: 0.89 Avg loss: 0.28 Avg F1: 0.91
validation Results - Epoch: 1  Avg accuracy: 0.89 Avg loss: 0.28 Avg F1: 0.91
training Results - Epoch: 2  Avg accuracy: 0.89 Avg loss: 0.26 Avg F1: 0.92
validation Results - Epoch: 2  Avg accuracy: 0.89 Avg loss: 0.25 Avg F1: 0.92
training Results - Epoch: 3  Avg accuracy: 0.89 Avg loss: 0.25 Avg F1: 0.92
validation Results - Epoch: 3  Avg accuracy: 0.89 Avg loss: 0.26 Avg F1: 0.92
training Results - Epoch: 4  Avg accuracy: 0.89 Avg loss: 0.25 Avg F1: 0.92
validation Results - Epoch: 4  Avg accuracy: 0.89 Avg loss: 0.26 Avg F1: 0.92
training Results - Epoch: 5  Avg accuracy: 0.89 Avg loss: 0.26 Avg F1: 0.92
validation Results - Epoch: 5  Avg accuracy: 0.89 Avg loss: 0.27 Avg F1: 0.92
[I 2020-09-29 17:05:48,949] Trial 7 finished with value: 0.9181961195595177 and parameters: {'t_hidden_dim': 450, 't_output_dim': 450}. Best is trial 6 with value: 0.9292682926829268.
spatial feature len: 6400, temporal feature len: 200
training Results - Epoch: 1  Avg accuracy: 0.89 Avg loss: 0.28 Avg F1: 0.91
validation Results - Epoch: 1  Avg accuracy: 0.88 Avg loss: 0.27 Avg F1: 0.91
training Results - Epoch: 2  Avg accuracy: 0.88 Avg loss: 0.29 Avg F1: 0.91
validation Results - Epoch: 2  Avg accuracy: 0.88 Avg loss: 0.27 Avg F1: 0.91
training Results - Epoch: 3  Avg accuracy: 0.89 Avg loss: 0.28 Avg F1: 0.91
validation Results - Epoch: 3  Avg accuracy: 0.89 Avg loss: 0.29 Avg F1: 0.91
[I 2020-09-29 17:06:22,299] Trial 8 finished with value: 0.9134487350199734 and parameters: {'t_hidden_dim': 350, 't_output_dim': 200}. Best is trial 6 with value: 0.9292682926829268.
spatial feature len: 6400, temporal feature len: 500
training Results - Epoch: 1  Avg accuracy: 0.89 Avg loss: 0.28 Avg F1: 0.91
validation Results - Epoch: 1  Avg accuracy: 0.89 Avg loss: 0.27 Avg F1: 0.92
training Results - Epoch: 2  Avg accuracy: 0.89 Avg loss: 0.27 Avg F1: 0.91
validation Results - Epoch: 2  Avg accuracy: 0.89 Avg loss: 0.26 Avg F1: 0.91
training Results - Epoch: 3  Avg accuracy: 0.89 Avg loss: 0.26 Avg F1: 0.92
validation Results - Epoch: 3  Avg accuracy: 0.89 Avg loss: 0.26 Avg F1: 0.92
training Results - Epoch: 4  Avg accuracy: 0.89 Avg loss: 0.25 Avg F1: 0.92
validation Results - Epoch: 4  Avg accuracy: 0.89 Avg loss: 0.26 Avg F1: 0.92
training Results - Epoch: 5  Avg accuracy: 0.90 Avg loss: 0.24 Avg F1: 0.92
validation Results - Epoch: 5  Avg accuracy: 0.90 Avg loss: 0.25 Avg F1: 0.92
training Results - Epoch: 6  Avg accuracy: 0.90 Avg loss: 0.23 Avg F1: 0.92
validation Results - Epoch: 6  Avg accuracy: 0.89 Avg loss: 0.25 Avg F1: 0.92
training Results - Epoch: 7  Avg accuracy: 0.90 Avg loss: 0.23 Avg F1: 0.93
validation Results - Epoch: 7  Avg accuracy: 0.89 Avg loss: 0.25 Avg F1: 0.92
training Results - Epoch: 8  Avg accuracy: 0.90 Avg loss: 0.23 Avg F1: 0.93
validation Results - Epoch: 8  Avg accuracy: 0.89 Avg loss: 0.26 Avg F1: 0.92
training Results - Epoch: 9  Avg accuracy: 0.91 Avg loss: 0.21 Avg F1: 0.93
validation Results - Epoch: 9  Avg accuracy: 0.90 Avg loss: 0.25 Avg F1: 0.92
training Results - Epoch: 10  Avg accuracy: 0.91 Avg loss: 0.21 Avg F1: 0.93
validation Results - Epoch: 10  Avg accuracy: 0.90 Avg loss: 0.26 Avg F1: 0.92
training Results - Epoch: 11  Avg accuracy: 0.91 Avg loss: 0.21 Avg F1: 0.93
validation Results - Epoch: 11  Avg accuracy: 0.89 Avg loss: 0.26 Avg F1: 0.92
training Results - Epoch: 12  Avg accuracy: 0.91 Avg loss: 0.21 Avg F1: 0.93
validation Results - Epoch: 12  Avg accuracy: 0.89 Avg loss: 0.27 Avg F1: 0.91
training Results - Epoch: 13  Avg accuracy: 0.91 Avg loss: 0.22 Avg F1: 0.93
validation Results - Epoch: 13  Avg accuracy: 0.89 Avg loss: 0.26 Avg F1: 0.92
[I 2020-09-29 17:08:38,936] Trial 9 finished with value: 0.9339289285952397 and parameters: {'t_hidden_dim': 350, 't_output_dim': 500}. Best is trial 9 with value: 0.9339289285952397.
spatial feature len: 6400, temporal feature len: 350
training Results - Epoch: 1  Avg accuracy: 0.46 Avg loss: 1.35 Avg F1: 0.27
validation Results - Epoch: 1  Avg accuracy: 0.46 Avg loss: 1.33 Avg F1: 0.27
training Results - Epoch: 2  Avg accuracy: 0.89 Avg loss: 0.26 Avg F1: 0.92
validation Results - Epoch: 2  Avg accuracy: 0.90 Avg loss: 0.26 Avg F1: 0.92
training Results - Epoch: 3  Avg accuracy: 0.90 Avg loss: 0.25 Avg F1: 0.92
validation Results - Epoch: 3  Avg accuracy: 0.89 Avg loss: 0.25 Avg F1: 0.92
training Results - Epoch: 4  Avg accuracy: 0.83 Avg loss: 0.51 Avg F1: 0.88
validation Results - Epoch: 4  Avg accuracy: 0.84 Avg loss: 0.51 Avg F1: 0.89
training Results - Epoch: 5  Avg accuracy: 0.86 Avg loss: 0.34 Avg F1: 0.90
validation Results - Epoch: 5  Avg accuracy: 0.86 Avg loss: 0.34 Avg F1: 0.90
[I 2020-09-29 17:09:30,405] Trial 10 finished with value: 0.9197215777262181 and parameters: {'t_hidden_dim': 500, 't_output_dim': 350}. Best is trial 9 with value: 0.9339289285952397.
spatial feature len: 6400, temporal feature len: 400
training Results - Epoch: 1  Avg accuracy: 0.88 Avg loss: 0.29 Avg F1: 0.91
validation Results - Epoch: 1  Avg accuracy: 0.88 Avg loss: 0.28 Avg F1: 0.91
training Results - Epoch: 2  Avg accuracy: 0.89 Avg loss: 0.26 Avg F1: 0.92
validation Results - Epoch: 2  Avg accuracy: 0.90 Avg loss: 0.27 Avg F1: 0.92
training Results - Epoch: 3  Avg accuracy: 0.89 Avg loss: 0.25 Avg F1: 0.92
validation Results - Epoch: 3  Avg accuracy: 0.90 Avg loss: 0.25 Avg F1: 0.92
training Results - Epoch: 4  Avg accuracy: 0.88 Avg loss: 0.30 Avg F1: 0.91
validation Results - Epoch: 4  Avg accuracy: 0.88 Avg loss: 0.30 Avg F1: 0.90
training Results - Epoch: 5  Avg accuracy: 0.89 Avg loss: 0.27 Avg F1: 0.92
validation Results - Epoch: 5  Avg accuracy: 0.89 Avg loss: 0.27 Avg F1: 0.92
training Results - Epoch: 6  Avg accuracy: 0.90 Avg loss: 0.25 Avg F1: 0.92
validation Results - Epoch: 6  Avg accuracy: 0.89 Avg loss: 0.26 Avg F1: 0.92
training Results - Epoch: 7  Avg accuracy: 0.90 Avg loss: 0.24 Avg F1: 0.92
validation Results - Epoch: 7  Avg accuracy: 0.89 Avg loss: 0.26 Avg F1: 0.91
training Results - Epoch: 8  Avg accuracy: 0.90 Avg loss: 0.24 Avg F1: 0.93
validation Results - Epoch: 8  Avg accuracy: 0.89 Avg loss: 0.26 Avg F1: 0.92
training Results - Epoch: 9  Avg accuracy: 0.90 Avg loss: 0.24 Avg F1: 0.92
validation Results - Epoch: 9  Avg accuracy: 0.88 Avg loss: 0.28 Avg F1: 0.91
training Results - Epoch: 10  Avg accuracy: 0.90 Avg loss: 0.24 Avg F1: 0.92
validation Results - Epoch: 10  Avg accuracy: 0.88 Avg loss: 0.28 Avg F1: 0.91
[I 2020-09-29 17:11:12,448] Trial 11 finished with value: 0.9256922770436283 and parameters: {'t_hidden_dim': 50, 't_output_dim': 400}. Best is trial 9 with value: 0.9339289285952397.
spatial feature len: 6400, temporal feature len: 500
training Results - Epoch: 1  Avg accuracy: 0.89 Avg loss: 0.28 Avg F1: 0.91
validation Results - Epoch: 1  Avg accuracy: 0.89 Avg loss: 0.28 Avg F1: 0.91
training Results - Epoch: 2  Avg accuracy: 0.89 Avg loss: 0.26 Avg F1: 0.91
validation Results - Epoch: 2  Avg accuracy: 0.88 Avg loss: 0.27 Avg F1: 0.91
training Results - Epoch: 3  Avg accuracy: 0.90 Avg loss: 0.24 Avg F1: 0.92
validation Results - Epoch: 3  Avg accuracy: 0.90 Avg loss: 0.25 Avg F1: 0.92
training Results - Epoch: 4  Avg accuracy: 0.90 Avg loss: 0.24 Avg F1: 0.92
validation Results - Epoch: 4  Avg accuracy: 0.89 Avg loss: 0.25 Avg F1: 0.92
training Results - Epoch: 5  Avg accuracy: 0.90 Avg loss: 0.24 Avg F1: 0.92
validation Results - Epoch: 5  Avg accuracy: 0.90 Avg loss: 0.25 Avg F1: 0.92
training Results - Epoch: 6  Avg accuracy: 0.89 Avg loss: 0.26 Avg F1: 0.91
validation Results - Epoch: 6  Avg accuracy: 0.88 Avg loss: 0.28 Avg F1: 0.91
training Results - Epoch: 7  Avg accuracy: 0.90 Avg loss: 0.25 Avg F1: 0.92
validation Results - Epoch: 7  Avg accuracy: 0.89 Avg loss: 0.27 Avg F1: 0.91
[I 2020-09-29 17:12:27,703] Trial 12 finished with value: 0.9220546215695395 and parameters: {'t_hidden_dim': 400, 't_output_dim': 500}. Best is trial 9 with value: 0.9339289285952397.
spatial feature len: 6400, temporal feature len: 500
training Results - Epoch: 1  Avg accuracy: 0.89 Avg loss: 0.27 Avg F1: 0.91
validation Results - Epoch: 1  Avg accuracy: 0.89 Avg loss: 0.27 Avg F1: 0.92
training Results - Epoch: 2  Avg accuracy: 0.89 Avg loss: 0.27 Avg F1: 0.92
validation Results - Epoch: 2  Avg accuracy: 0.89 Avg loss: 0.26 Avg F1: 0.92
training Results - Epoch: 3  Avg accuracy: 0.89 Avg loss: 0.25 Avg F1: 0.92
validation Results - Epoch: 3  Avg accuracy: 0.89 Avg loss: 0.26 Avg F1: 0.92
training Results - Epoch: 4  Avg accuracy: 0.90 Avg loss: 0.24 Avg F1: 0.92
validation Results - Epoch: 4  Avg accuracy: 0.90 Avg loss: 0.25 Avg F1: 0.92
training Results - Epoch: 5  Avg accuracy: 0.90 Avg loss: 0.24 Avg F1: 0.93
validation Results - Epoch: 5  Avg accuracy: 0.89 Avg loss: 0.25 Avg F1: 0.92
training Results - Epoch: 6  Avg accuracy: 0.90 Avg loss: 0.24 Avg F1: 0.92
validation Results - Epoch: 6  Avg accuracy: 0.89 Avg loss: 0.27 Avg F1: 0.91
training Results - Epoch: 7  Avg accuracy: 0.90 Avg loss: 0.24 Avg F1: 0.92
validation Results - Epoch: 7  Avg accuracy: 0.89 Avg loss: 0.27 Avg F1: 0.91
[I 2020-09-29 17:13:38,294] Trial 13 finished with value: 0.9261482254697286 and parameters: {'t_hidden_dim': 50, 't_output_dim': 500}. Best is trial 9 with value: 0.9339289285952397.
spatial feature len: 6400, temporal feature len: 400
training Results - Epoch: 1  Avg accuracy: 0.88 Avg loss: 0.28 Avg F1: 0.91
validation Results - Epoch: 1  Avg accuracy: 0.88 Avg loss: 0.29 Avg F1: 0.91
training Results - Epoch: 2  Avg accuracy: 0.88 Avg loss: 0.27 Avg F1: 0.91
validation Results - Epoch: 2  Avg accuracy: 0.89 Avg loss: 0.26 Avg F1: 0.91
training Results - Epoch: 3  Avg accuracy: 0.89 Avg loss: 0.26 Avg F1: 0.92
validation Results - Epoch: 3  Avg accuracy: 0.89 Avg loss: 0.26 Avg F1: 0.92
training Results - Epoch: 4  Avg accuracy: 0.89 Avg loss: 0.26 Avg F1: 0.91
validation Results - Epoch: 4  Avg accuracy: 0.88 Avg loss: 0.27 Avg F1: 0.90
training Results - Epoch: 5  Avg accuracy: 0.89 Avg loss: 0.25 Avg F1: 0.92
validation Results - Epoch: 5  Avg accuracy: 0.88 Avg loss: 0.26 Avg F1: 0.91
[I 2020-09-29 17:14:27,951] Trial 14 finished with value: 0.9178317066737008 and parameters: {'t_hidden_dim': 150, 't_output_dim': 400}. Best is trial 9 with value: 0.9339289285952397.
spatial feature len: 6400, temporal feature len: 300
training Results - Epoch: 1  Avg accuracy: 0.87 Avg loss: 0.31 Avg F1: 0.91
validation Results - Epoch: 1  Avg accuracy: 0.87 Avg loss: 0.31 Avg F1: 0.90
training Results - Epoch: 2  Avg accuracy: 0.88 Avg loss: 0.27 Avg F1: 0.90
validation Results - Epoch: 2  Avg accuracy: 0.87 Avg loss: 0.29 Avg F1: 0.90
training Results - Epoch: 3  Avg accuracy: 0.89 Avg loss: 0.26 Avg F1: 0.91
validation Results - Epoch: 3  Avg accuracy: 0.88 Avg loss: 0.28 Avg F1: 0.91
training Results - Epoch: 4  Avg accuracy: 0.88 Avg loss: 0.27 Avg F1: 0.91
validation Results - Epoch: 4  Avg accuracy: 0.87 Avg loss: 0.29 Avg F1: 0.90
training Results - Epoch: 5  Avg accuracy: 0.89 Avg loss: 0.27 Avg F1: 0.91
validation Results - Epoch: 5  Avg accuracy: 0.88 Avg loss: 0.29 Avg F1: 0.90
[I 2020-09-29 17:15:18,552] Trial 15 finished with value: 0.9141259122842915 and parameters: {'t_hidden_dim': 400, 't_output_dim': 300}. Best is trial 9 with value: 0.9339289285952397.
spatial feature len: 6400, temporal feature len: 400
training Results - Epoch: 1  Avg accuracy: 0.87 Avg loss: 0.30 Avg F1: 0.89
validation Results - Epoch: 1  Avg accuracy: 0.86 Avg loss: 0.30 Avg F1: 0.88
training Results - Epoch: 2  Avg accuracy: 0.89 Avg loss: 0.26 Avg F1: 0.92
validation Results - Epoch: 2  Avg accuracy: 0.89 Avg loss: 0.27 Avg F1: 0.92
training Results - Epoch: 3  Avg accuracy: 0.89 Avg loss: 0.25 Avg F1: 0.92
validation Results - Epoch: 3  Avg accuracy: 0.89 Avg loss: 0.26 Avg F1: 0.91
training Results - Epoch: 4  Avg accuracy: 0.90 Avg loss: 0.25 Avg F1: 0.92
validation Results - Epoch: 4  Avg accuracy: 0.89 Avg loss: 0.26 Avg F1: 0.91
training Results - Epoch: 5  Avg accuracy: 0.89 Avg loss: 0.25 Avg F1: 0.91
validation Results - Epoch: 5  Avg accuracy: 0.89 Avg loss: 0.26 Avg F1: 0.91
training Results - Epoch: 6  Avg accuracy: 0.88 Avg loss: 0.28 Avg F1: 0.91
validation Results - Epoch: 6  Avg accuracy: 0.87 Avg loss: 0.30 Avg F1: 0.90
[I 2020-09-29 17:16:19,387] Trial 16 finished with value: 0.9195248003221692 and parameters: {'t_hidden_dim': 200, 't_output_dim': 400}. Best is trial 9 with value: 0.9339289285952397.
spatial feature len: 6400, temporal feature len: 450
training Results - Epoch: 1  Avg accuracy: 0.84 Avg loss: 0.35 Avg F1: 0.86
validation Results - Epoch: 1  Avg accuracy: 0.83 Avg loss: 0.36 Avg F1: 0.85
training Results - Epoch: 2  Avg accuracy: 0.88 Avg loss: 0.28 Avg F1: 0.90
validation Results - Epoch: 2  Avg accuracy: 0.87 Avg loss: 0.29 Avg F1: 0.90
training Results - Epoch: 3  Avg accuracy: 0.89 Avg loss: 0.25 Avg F1: 0.92
validation Results - Epoch: 3  Avg accuracy: 0.89 Avg loss: 0.26 Avg F1: 0.91
training Results - Epoch: 4  Avg accuracy: 0.89 Avg loss: 0.26 Avg F1: 0.92
validation Results - Epoch: 4  Avg accuracy: 0.88 Avg loss: 0.28 Avg F1: 0.91
training Results - Epoch: 5  Avg accuracy: 0.90 Avg loss: 0.24 Avg F1: 0.92
validation Results - Epoch: 5  Avg accuracy: 0.89 Avg loss: 0.26 Avg F1: 0.91
training Results - Epoch: 6  Avg accuracy: 0.90 Avg loss: 0.24 Avg F1: 0.92
validation Results - Epoch: 6  Avg accuracy: 0.89 Avg loss: 0.27 Avg F1: 0.92
training Results - Epoch: 7  Avg accuracy: 0.91 Avg loss: 0.23 Avg F1: 0.93
validation Results - Epoch: 7  Avg accuracy: 0.89 Avg loss: 0.26 Avg F1: 0.92
training Results - Epoch: 8  Avg accuracy: 0.91 Avg loss: 0.22 Avg F1: 0.93
validation Results - Epoch: 8  Avg accuracy: 0.89 Avg loss: 0.26 Avg F1: 0.91
training Results - Epoch: 9  Avg accuracy: 0.91 Avg loss: 0.22 Avg F1: 0.93
validation Results - Epoch: 9  Avg accuracy: 0.89 Avg loss: 0.27 Avg F1: 0.92
training Results - Epoch: 10  Avg accuracy: 0.91 Avg loss: 0.22 Avg F1: 0.93
validation Results - Epoch: 10  Avg accuracy: 0.89 Avg loss: 0.28 Avg F1: 0.92
training Results - Epoch: 11  Avg accuracy: 0.91 Avg loss: 0.21 Avg F1: 0.93
validation Results - Epoch: 11  Avg accuracy: 0.88 Avg loss: 0.27 Avg F1: 0.91
training Results - Epoch: 12  Avg accuracy: 0.91 Avg loss: 0.21 Avg F1: 0.93
validation Results - Epoch: 12  Avg accuracy: 0.89 Avg loss: 0.29 Avg F1: 0.91
training Results - Epoch: 13  Avg accuracy: 0.92 Avg loss: 0.21 Avg F1: 0.93
validation Results - Epoch: 13  Avg accuracy: 0.88 Avg loss: 0.30 Avg F1: 0.91
training Results - Epoch: 14  Avg accuracy: 0.92 Avg loss: 0.20 Avg F1: 0.94
validation Results - Epoch: 14  Avg accuracy: 0.89 Avg loss: 0.29 Avg F1: 0.91
training Results - Epoch: 15  Avg accuracy: 0.91 Avg loss: 0.21 Avg F1: 0.93
validation Results - Epoch: 15  Avg accuracy: 0.87 Avg loss: 0.32 Avg F1: 0.89
training Results - Epoch: 16  Avg accuracy: 0.91 Avg loss: 0.20 Avg F1: 0.93
validation Results - Epoch: 16  Avg accuracy: 0.86 Avg loss: 0.32 Avg F1: 0.89
[I 2020-09-29 17:18:55,978] Trial 17 finished with value: 0.9358565737051794 and parameters: {'t_hidden_dim': 100, 't_output_dim': 450}. Best is trial 17 with value: 0.9358565737051794.
spatial feature len: 6400, temporal feature len: 250
training Results - Epoch: 1  Avg accuracy: 0.87 Avg loss: 0.32 Avg F1: 0.90
validation Results - Epoch: 1  Avg accuracy: 0.87 Avg loss: 0.31 Avg F1: 0.90
training Results - Epoch: 2  Avg accuracy: 0.88 Avg loss: 0.30 Avg F1: 0.91
validation Results - Epoch: 2  Avg accuracy: 0.88 Avg loss: 0.30 Avg F1: 0.91
training Results - Epoch: 3  Avg accuracy: 0.89 Avg loss: 0.27 Avg F1: 0.92
validation Results - Epoch: 3  Avg accuracy: 0.89 Avg loss: 0.27 Avg F1: 0.92
training Results - Epoch: 4  Avg accuracy: 0.88 Avg loss: 0.29 Avg F1: 0.91
validation Results - Epoch: 4  Avg accuracy: 0.89 Avg loss: 0.29 Avg F1: 0.92
training Results - Epoch: 5  Avg accuracy: 0.90 Avg loss: 0.25 Avg F1: 0.92
validation Results - Epoch: 5  Avg accuracy: 0.89 Avg loss: 0.26 Avg F1: 0.92
training Results - Epoch: 6  Avg accuracy: 0.90 Avg loss: 0.24 Avg F1: 0.92
validation Results - Epoch: 6  Avg accuracy: 0.90 Avg loss: 0.25 Avg F1: 0.92
training Results - Epoch: 7  Avg accuracy: 0.90 Avg loss: 0.23 Avg F1: 0.92
validation Results - Epoch: 7  Avg accuracy: 0.89 Avg loss: 0.25 Avg F1: 0.92
training Results - Epoch: 8  Avg accuracy: 0.90 Avg loss: 0.24 Avg F1: 0.93
validation Results - Epoch: 8  Avg accuracy: 0.89 Avg loss: 0.26 Avg F1: 0.92
training Results - Epoch: 9  Avg accuracy: 0.90 Avg loss: 0.24 Avg F1: 0.93
validation Results - Epoch: 9  Avg accuracy: 0.89 Avg loss: 0.26 Avg F1: 0.92
training Results - Epoch: 10  Avg accuracy: 0.90 Avg loss: 0.25 Avg F1: 0.92
validation Results - Epoch: 10  Avg accuracy: 0.88 Avg loss: 0.28 Avg F1: 0.91
training Results - Epoch: 11  Avg accuracy: 0.91 Avg loss: 0.23 Avg F1: 0.93
validation Results - Epoch: 11  Avg accuracy: 0.88 Avg loss: 0.26 Avg F1: 0.91
training Results - Epoch: 12  Avg accuracy: 0.91 Avg loss: 0.23 Avg F1: 0.93
validation Results - Epoch: 12  Avg accuracy: 0.88 Avg loss: 0.27 Avg F1: 0.91
training Results - Epoch: 13  Avg accuracy: 0.90 Avg loss: 0.24 Avg F1: 0.92
validation Results - Epoch: 13  Avg accuracy: 0.88 Avg loss: 0.28 Avg F1: 0.91
training Results - Epoch: 14  Avg accuracy: 0.91 Avg loss: 0.22 Avg F1: 0.93
validation Results - Epoch: 14  Avg accuracy: 0.88 Avg loss: 0.27 Avg F1: 0.91
training Results - Epoch: 15  Avg accuracy: 0.91 Avg loss: 0.22 Avg F1: 0.93
validation Results - Epoch: 15  Avg accuracy: 0.89 Avg loss: 0.28 Avg F1: 0.92
training Results - Epoch: 16  Avg accuracy: 0.91 Avg loss: 0.23 Avg F1: 0.93
validation Results - Epoch: 16  Avg accuracy: 0.89 Avg loss: 0.30 Avg F1: 0.91
training Results - Epoch: 17  Avg accuracy: 0.91 Avg loss: 0.22 Avg F1: 0.93
validation Results - Epoch: 17  Avg accuracy: 0.89 Avg loss: 0.32 Avg F1: 0.91
training Results - Epoch: 18  Avg accuracy: 0.91 Avg loss: 0.22 Avg F1: 0.93
validation Results - Epoch: 18  Avg accuracy: 0.87 Avg loss: 0.32 Avg F1: 0.90
training Results - Epoch: 19  Avg accuracy: 0.91 Avg loss: 0.23 Avg F1: 0.93
validation Results - Epoch: 19  Avg accuracy: 0.88 Avg loss: 0.34 Avg F1: 0.91
[I 2020-09-29 17:22:12,948] Trial 18 finished with value: 0.9343915343915344 and parameters: {'t_hidden_dim': 350, 't_output_dim': 250}. Best is trial 17 with value: 0.9358565737051794.
spatial feature len: 6400, temporal feature len: 250
training Results - Epoch: 1  Avg accuracy: 0.88 Avg loss: 0.29 Avg F1: 0.91
validation Results - Epoch: 1  Avg accuracy: 0.89 Avg loss: 0.28 Avg F1: 0.91
training Results - Epoch: 2  Avg accuracy: 0.89 Avg loss: 0.26 Avg F1: 0.91
validation Results - Epoch: 2  Avg accuracy: 0.89 Avg loss: 0.27 Avg F1: 0.91
training Results - Epoch: 3  Avg accuracy: 0.89 Avg loss: 0.25 Avg F1: 0.92
validation Results - Epoch: 3  Avg accuracy: 0.89 Avg loss: 0.26 Avg F1: 0.92
training Results - Epoch: 4  Avg accuracy: 0.90 Avg loss: 0.25 Avg F1: 0.92
validation Results - Epoch: 4  Avg accuracy: 0.89 Avg loss: 0.26 Avg F1: 0.91
training Results - Epoch: 5  Avg accuracy: 0.90 Avg loss: 0.24 Avg F1: 0.92
validation Results - Epoch: 5  Avg accuracy: 0.90 Avg loss: 0.26 Avg F1: 0.92
training Results - Epoch: 6  Avg accuracy: 0.90 Avg loss: 0.24 Avg F1: 0.92
validation Results - Epoch: 6  Avg accuracy: 0.89 Avg loss: 0.27 Avg F1: 0.91
training Results - Epoch: 7  Avg accuracy: 0.90 Avg loss: 0.23 Avg F1: 0.92
validation Results - Epoch: 7  Avg accuracy: 0.89 Avg loss: 0.26 Avg F1: 0.92
training Results - Epoch: 8  Avg accuracy: 0.90 Avg loss: 0.25 Avg F1: 0.92
validation Results - Epoch: 8  Avg accuracy: 0.88 Avg loss: 0.28 Avg F1: 0.91
training Results - Epoch: 9  Avg accuracy: 0.90 Avg loss: 0.27 Avg F1: 0.92
validation Results - Epoch: 9  Avg accuracy: 0.88 Avg loss: 0.31 Avg F1: 0.90
[I 2020-09-29 17:23:46,673] Trial 19 finished with value: 0.9245583742860939 and parameters: {'t_hidden_dim': 500, 't_output_dim': 250}. Best is trial 17 with value: 0.9358565737051794.
spatial feature len: 6400, temporal feature len: 250
training Results - Epoch: 1  Avg accuracy: 0.88 Avg loss: 0.30 Avg F1: 0.90
validation Results - Epoch: 1  Avg accuracy: 0.88 Avg loss: 0.30 Avg F1: 0.90
training Results - Epoch: 2  Avg accuracy: 0.88 Avg loss: 0.30 Avg F1: 0.91
validation Results - Epoch: 2  Avg accuracy: 0.88 Avg loss: 0.30 Avg F1: 0.90
training Results - Epoch: 3  Avg accuracy: 0.89 Avg loss: 0.28 Avg F1: 0.91
validation Results - Epoch: 3  Avg accuracy: 0.88 Avg loss: 0.29 Avg F1: 0.90
training Results - Epoch: 4  Avg accuracy: 0.89 Avg loss: 0.29 Avg F1: 0.91
validation Results - Epoch: 4  Avg accuracy: 0.88 Avg loss: 0.30 Avg F1: 0.90
training Results - Epoch: 5  Avg accuracy: 0.88 Avg loss: 0.30 Avg F1: 0.91
validation Results - Epoch: 5  Avg accuracy: 0.87 Avg loss: 0.31 Avg F1: 0.90
training Results - Epoch: 6  Avg accuracy: 0.89 Avg loss: 0.30 Avg F1: 0.91
validation Results - Epoch: 6  Avg accuracy: 0.87 Avg loss: 0.32 Avg F1: 0.90
