[I 2020-09-29 17:24:50,501] Trial 20 finished with value: 0.9100851387831383 and parameters: {'t_hidden_dim': 200, 't_output_dim': 250}. Best is trial 17 with value: 0.9358565737051794.
spatial feature len: 6400, temporal feature len: 350
training Results - Epoch: 1  Avg accuracy: 0.86 Avg loss: 0.39 Avg F1: 0.90
validation Results - Epoch: 1  Avg accuracy: 0.86 Avg loss: 0.38 Avg F1: 0.90
training Results - Epoch: 2  Avg accuracy: 0.89 Avg loss: 0.26 Avg F1: 0.92
validation Results - Epoch: 2  Avg accuracy: 0.89 Avg loss: 0.26 Avg F1: 0.91
training Results - Epoch: 3  Avg accuracy: 0.89 Avg loss: 0.26 Avg F1: 0.91
validation Results - Epoch: 3  Avg accuracy: 0.89 Avg loss: 0.26 Avg F1: 0.92
training Results - Epoch: 4  Avg accuracy: 0.90 Avg loss: 0.25 Avg F1: 0.92
validation Results - Epoch: 4  Avg accuracy: 0.89 Avg loss: 0.25 Avg F1: 0.92
training Results - Epoch: 5  Avg accuracy: 0.90 Avg loss: 0.25 Avg F1: 0.92
validation Results - Epoch: 5  Avg accuracy: 0.89 Avg loss: 0.26 Avg F1: 0.91
training Results - Epoch: 6  Avg accuracy: 0.90 Avg loss: 0.24 Avg F1: 0.92
validation Results - Epoch: 6  Avg accuracy: 0.89 Avg loss: 0.26 Avg F1: 0.91
training Results - Epoch: 7  Avg accuracy: 0.91 Avg loss: 0.23 Avg F1: 0.93
validation Results - Epoch: 7  Avg accuracy: 0.89 Avg loss: 0.26 Avg F1: 0.91
training Results - Epoch: 8  Avg accuracy: 0.90 Avg loss: 0.25 Avg F1: 0.92
validation Results - Epoch: 8  Avg accuracy: 0.88 Avg loss: 0.29 Avg F1: 0.90
training Results - Epoch: 9  Avg accuracy: 0.90 Avg loss: 0.24 Avg F1: 0.93
validation Results - Epoch: 9  Avg accuracy: 0.88 Avg loss: 0.27 Avg F1: 0.91
[I 2020-09-29 17:26:27,076] Trial 21 finished with value: 0.9267316161750968 and parameters: {'t_hidden_dim': 350, 't_output_dim': 350}. Best is trial 17 with value: 0.9358565737051794.
spatial feature len: 6400, temporal feature len: 150
training Results - Epoch: 1  Avg accuracy: 0.87 Avg loss: 0.30 Avg F1: 0.90
validation Results - Epoch: 1  Avg accuracy: 0.87 Avg loss: 0.29 Avg F1: 0.91
training Results - Epoch: 2  Avg accuracy: 0.88 Avg loss: 0.29 Avg F1: 0.91
validation Results - Epoch: 2  Avg accuracy: 0.88 Avg loss: 0.28 Avg F1: 0.91
training Results - Epoch: 3  Avg accuracy: 0.90 Avg loss: 0.25 Avg F1: 0.92
validation Results - Epoch: 3  Avg accuracy: 0.89 Avg loss: 0.25 Avg F1: 0.92
training Results - Epoch: 4  Avg accuracy: 0.90 Avg loss: 0.25 Avg F1: 0.92
validation Results - Epoch: 4  Avg accuracy: 0.90 Avg loss: 0.26 Avg F1: 0.92
training Results - Epoch: 5  Avg accuracy: 0.90 Avg loss: 0.24 Avg F1: 0.92
validation Results - Epoch: 5  Avg accuracy: 0.90 Avg loss: 0.25 Avg F1: 0.92
training Results - Epoch: 6  Avg accuracy: 0.90 Avg loss: 0.26 Avg F1: 0.92
validation Results - Epoch: 6  Avg accuracy: 0.89 Avg loss: 0.28 Avg F1: 0.91
training Results - Epoch: 7  Avg accuracy: 0.90 Avg loss: 0.26 Avg F1: 0.92
validation Results - Epoch: 7  Avg accuracy: 0.89 Avg loss: 0.28 Avg F1: 0.91
[I 2020-09-29 17:27:40,115] Trial 22 finished with value: 0.9234906548339384 and parameters: {'t_hidden_dim': 350, 't_output_dim': 150}. Best is trial 17 with value: 0.9358565737051794.
spatial feature len: 6400, temporal feature len: 350
training Results - Epoch: 1  Avg accuracy: 0.86 Avg loss: 0.33 Avg F1: 0.88
validation Results - Epoch: 1  Avg accuracy: 0.85 Avg loss: 0.34 Avg F1: 0.87
training Results - Epoch: 2  Avg accuracy: 0.89 Avg loss: 0.26 Avg F1: 0.92
validation Results - Epoch: 2  Avg accuracy: 0.89 Avg loss: 0.25 Avg F1: 0.92
training Results - Epoch: 3  Avg accuracy: 0.87 Avg loss: 0.31 Avg F1: 0.89
validation Results - Epoch: 3  Avg accuracy: 0.86 Avg loss: 0.32 Avg F1: 0.89
training Results - Epoch: 4  Avg accuracy: 0.88 Avg loss: 0.29 Avg F1: 0.90
validation Results - Epoch: 4  Avg accuracy: 0.86 Avg loss: 0.30 Avg F1: 0.89
[I 2020-09-29 17:28:21,958] Trial 23 finished with value: 0.9186372223307928 and parameters: {'t_hidden_dim': 400, 't_output_dim': 350}. Best is trial 17 with value: 0.9358565737051794.
spatial feature len: 6400, temporal feature len: 50
training Results - Epoch: 1  Avg accuracy: 0.88 Avg loss: 0.29 Avg F1: 0.91
validation Results - Epoch: 1  Avg accuracy: 0.89 Avg loss: 0.29 Avg F1: 0.92
training Results - Epoch: 2  Avg accuracy: 0.89 Avg loss: 0.29 Avg F1: 0.91
validation Results - Epoch: 2  Avg accuracy: 0.88 Avg loss: 0.29 Avg F1: 0.90
training Results - Epoch: 3  Avg accuracy: 0.90 Avg loss: 0.25 Avg F1: 0.92
validation Results - Epoch: 3  Avg accuracy: 0.90 Avg loss: 0.26 Avg F1: 0.92
training Results - Epoch: 4  Avg accuracy: 0.90 Avg loss: 0.25 Avg F1: 0.92
validation Results - Epoch: 4  Avg accuracy: 0.89 Avg loss: 0.26 Avg F1: 0.91
training Results - Epoch: 5  Avg accuracy: 0.90 Avg loss: 0.24 Avg F1: 0.92
validation Results - Epoch: 5  Avg accuracy: 0.89 Avg loss: 0.26 Avg F1: 0.92
training Results - Epoch: 6  Avg accuracy: 0.90 Avg loss: 0.23 Avg F1: 0.93
validation Results - Epoch: 6  Avg accuracy: 0.89 Avg loss: 0.25 Avg F1: 0.92
training Results - Epoch: 7  Avg accuracy: 0.90 Avg loss: 0.23 Avg F1: 0.92
validation Results - Epoch: 7  Avg accuracy: 0.88 Avg loss: 0.26 Avg F1: 0.90
training Results - Epoch: 8  Avg accuracy: 0.90 Avg loss: 0.24 Avg F1: 0.92
validation Results - Epoch: 8  Avg accuracy: 0.88 Avg loss: 0.27 Avg F1: 0.91
[I 2020-09-29 17:29:44,289] Trial 24 finished with value: 0.9260823653643083 and parameters: {'t_hidden_dim': 450, 't_output_dim': 50}. Best is trial 17 with value: 0.9358565737051794.
spatial feature len: 6400, temporal feature len: 250
training Results - Epoch: 1  Avg accuracy: 0.88 Avg loss: 0.29 Avg F1: 0.91
validation Results - Epoch: 1  Avg accuracy: 0.88 Avg loss: 0.29 Avg F1: 0.91
training Results - Epoch: 2  Avg accuracy: 0.88 Avg loss: 0.28 Avg F1: 0.91
validation Results - Epoch: 2  Avg accuracy: 0.88 Avg loss: 0.28 Avg F1: 0.91
training Results - Epoch: 3  Avg accuracy: 0.89 Avg loss: 0.26 Avg F1: 0.92
validation Results - Epoch: 3  Avg accuracy: 0.90 Avg loss: 0.27 Avg F1: 0.92
training Results - Epoch: 4  Avg accuracy: 0.90 Avg loss: 0.24 Avg F1: 0.92
validation Results - Epoch: 4  Avg accuracy: 0.89 Avg loss: 0.25 Avg F1: 0.92
training Results - Epoch: 5  Avg accuracy: 0.88 Avg loss: 0.28 Avg F1: 0.91
validation Results - Epoch: 5  Avg accuracy: 0.87 Avg loss: 0.29 Avg F1: 0.90
training Results - Epoch: 6  Avg accuracy: 0.90 Avg loss: 0.24 Avg F1: 0.92
validation Results - Epoch: 6  Avg accuracy: 0.89 Avg loss: 0.25 Avg F1: 0.92
training Results - Epoch: 7  Avg accuracy: 0.90 Avg loss: 0.23 Avg F1: 0.92
validation Results - Epoch: 7  Avg accuracy: 0.89 Avg loss: 0.26 Avg F1: 0.92
training Results - Epoch: 8  Avg accuracy: 0.90 Avg loss: 0.24 Avg F1: 0.92
validation Results - Epoch: 8  Avg accuracy: 0.89 Avg loss: 0.26 Avg F1: 0.92
[I 2020-09-29 17:31:07,155] Trial 25 finished with value: 0.9239812429826301 and parameters: {'t_hidden_dim': 300, 't_output_dim': 250}. Best is trial 17 with value: 0.9358565737051794.
spatial feature len: 6400, temporal feature len: 200
training Results - Epoch: 1  Avg accuracy: 0.89 Avg loss: 0.27 Avg F1: 0.91
validation Results - Epoch: 1  Avg accuracy: 0.89 Avg loss: 0.26 Avg F1: 0.91
training Results - Epoch: 2  Avg accuracy: 0.89 Avg loss: 0.26 Avg F1: 0.92
validation Results - Epoch: 2  Avg accuracy: 0.89 Avg loss: 0.26 Avg F1: 0.92
training Results - Epoch: 3  Avg accuracy: 0.89 Avg loss: 0.26 Avg F1: 0.91
validation Results - Epoch: 3  Avg accuracy: 0.88 Avg loss: 0.27 Avg F1: 0.91
training Results - Epoch: 4  Avg accuracy: 0.88 Avg loss: 0.31 Avg F1: 0.90
validation Results - Epoch: 4  Avg accuracy: 0.87 Avg loss: 0.32 Avg F1: 0.89
[I 2020-09-29 17:31:46,828] Trial 26 finished with value: 0.9157273215244229 and parameters: {'t_hidden_dim': 350, 't_output_dim': 200}. Best is trial 17 with value: 0.9358565737051794.
spatial feature len: 6400, temporal feature len: 200
training Results - Epoch: 1  Avg accuracy: 0.86 Avg loss: 0.32 Avg F1: 0.88
validation Results - Epoch: 1  Avg accuracy: 0.85 Avg loss: 0.33 Avg F1: 0.87
training Results - Epoch: 2  Avg accuracy: 0.88 Avg loss: 0.27 Avg F1: 0.91
validation Results - Epoch: 2  Avg accuracy: 0.87 Avg loss: 0.29 Avg F1: 0.90
training Results - Epoch: 3  Avg accuracy: 0.89 Avg loss: 0.25 Avg F1: 0.92
validation Results - Epoch: 3  Avg accuracy: 0.89 Avg loss: 0.26 Avg F1: 0.91
training Results - Epoch: 4  Avg accuracy: 0.90 Avg loss: 0.24 Avg F1: 0.92
validation Results - Epoch: 4  Avg accuracy: 0.89 Avg loss: 0.26 Avg F1: 0.91
training Results - Epoch: 5  Avg accuracy: 0.90 Avg loss: 0.24 Avg F1: 0.92
validation Results - Epoch: 5  Avg accuracy: 0.89 Avg loss: 0.26 Avg F1: 0.92
training Results - Epoch: 6  Avg accuracy: 0.90 Avg loss: 0.23 Avg F1: 0.92
validation Results - Epoch: 6  Avg accuracy: 0.89 Avg loss: 0.26 Avg F1: 0.91
training Results - Epoch: 7  Avg accuracy: 0.91 Avg loss: 0.23 Avg F1: 0.93
validation Results - Epoch: 7  Avg accuracy: 0.89 Avg loss: 0.26 Avg F1: 0.91
training Results - Epoch: 8  Avg accuracy: 0.91 Avg loss: 0.22 Avg F1: 0.93
validation Results - Epoch: 8  Avg accuracy: 0.89 Avg loss: 0.26 Avg F1: 0.91
training Results - Epoch: 9  Avg accuracy: 0.91 Avg loss: 0.23 Avg F1: 0.93
validation Results - Epoch: 9  Avg accuracy: 0.88 Avg loss: 0.28 Avg F1: 0.91
training Results - Epoch: 10  Avg accuracy: 0.90 Avg loss: 0.23 Avg F1: 0.92
validation Results - Epoch: 10  Avg accuracy: 0.88 Avg loss: 0.29 Avg F1: 0.91
[I 2020-09-29 17:33:33,425] Trial 27 finished with value: 0.9271612425038743 and parameters: {'t_hidden_dim': 450, 't_output_dim': 200}. Best is trial 17 with value: 0.9358565737051794.
spatial feature len: 6400, temporal feature len: 450
training Results - Epoch: 1  Avg accuracy: 0.89 Avg loss: 0.28 Avg F1: 0.91
validation Results - Epoch: 1  Avg accuracy: 0.89 Avg loss: 0.27 Avg F1: 0.91
training Results - Epoch: 2  Avg accuracy: 0.89 Avg loss: 0.26 Avg F1: 0.92
validation Results - Epoch: 2  Avg accuracy: 0.89 Avg loss: 0.26 Avg F1: 0.92
training Results - Epoch: 3  Avg accuracy: 0.90 Avg loss: 0.24 Avg F1: 0.92
validation Results - Epoch: 3  Avg accuracy: 0.89 Avg loss: 0.26 Avg F1: 0.91
training Results - Epoch: 4  Avg accuracy: 0.90 Avg loss: 0.25 Avg F1: 0.92
validation Results - Epoch: 4  Avg accuracy: 0.89 Avg loss: 0.27 Avg F1: 0.91
training Results - Epoch: 5  Avg accuracy: 0.90 Avg loss: 0.23 Avg F1: 0.93
validation Results - Epoch: 5  Avg accuracy: 0.89 Avg loss: 0.26 Avg F1: 0.91
training Results - Epoch: 6  Avg accuracy: 0.91 Avg loss: 0.23 Avg F1: 0.93
validation Results - Epoch: 6  Avg accuracy: 0.89 Avg loss: 0.26 Avg F1: 0.91
training Results - Epoch: 7  Avg accuracy: 0.90 Avg loss: 0.23 Avg F1: 0.93
validation Results - Epoch: 7  Avg accuracy: 0.89 Avg loss: 0.26 Avg F1: 0.92
training Results - Epoch: 8  Avg accuracy: 0.91 Avg loss: 0.22 Avg F1: 0.93
validation Results - Epoch: 8  Avg accuracy: 0.89 Avg loss: 0.26 Avg F1: 0.92
training Results - Epoch: 9  Avg accuracy: 0.91 Avg loss: 0.22 Avg F1: 0.93
validation Results - Epoch: 9  Avg accuracy: 0.88 Avg loss: 0.27 Avg F1: 0.91
training Results - Epoch: 10  Avg accuracy: 0.91 Avg loss: 0.22 Avg F1: 0.93
validation Results - Epoch: 10  Avg accuracy: 0.88 Avg loss: 0.28 Avg F1: 0.91
training Results - Epoch: 11  Avg accuracy: 0.90 Avg loss: 0.22 Avg F1: 0.93
validation Results - Epoch: 11  Avg accuracy: 0.88 Avg loss: 0.28 Avg F1: 0.91
training Results - Epoch: 12  Avg accuracy: 0.90 Avg loss: 0.22 Avg F1: 0.93
validation Results - Epoch: 12  Avg accuracy: 0.88 Avg loss: 0.29 Avg F1: 0.91
[I 2020-09-29 17:35:37,587] Trial 28 finished with value: 0.9321709266230763 and parameters: {'t_hidden_dim': 250, 't_output_dim': 450}. Best is trial 17 with value: 0.9358565737051794.
spatial feature len: 6400, temporal feature len: 300
training Results - Epoch: 1  Avg accuracy: 0.88 Avg loss: 0.30 Avg F1: 0.90
validation Results - Epoch: 1  Avg accuracy: 0.87 Avg loss: 0.29 Avg F1: 0.90
training Results - Epoch: 2  Avg accuracy: 0.89 Avg loss: 0.26 Avg F1: 0.91
validation Results - Epoch: 2  Avg accuracy: 0.89 Avg loss: 0.26 Avg F1: 0.92
training Results - Epoch: 3  Avg accuracy: 0.89 Avg loss: 0.26 Avg F1: 0.92
validation Results - Epoch: 3  Avg accuracy: 0.89 Avg loss: 0.27 Avg F1: 0.92
training Results - Epoch: 4  Avg accuracy: 0.88 Avg loss: 0.26 Avg F1: 0.91
validation Results - Epoch: 4  Avg accuracy: 0.89 Avg loss: 0.27 Avg F1: 0.92
training Results - Epoch: 5  Avg accuracy: 0.88 Avg loss: 0.26 Avg F1: 0.91
validation Results - Epoch: 5  Avg accuracy: 0.89 Avg loss: 0.27 Avg F1: 0.92
[I 2020-09-29 17:36:28,262] Trial 29 finished with value: 0.917507111455909 and parameters: {'t_hidden_dim': 200, 't_output_dim': 300}. Best is trial 17 with value: 0.9358565737051794.
