[I 2020-09-29 16:22:08,358] Trial 23 finished with value: 0.9367650023519923 and parameters: {'block_num': 1, 'layer_size_hop': 3, 'kernel_size': 5}. Best is trial 10 with value: 0.9620218948506556.
spatial feature len: 25600, temporal feature len: 300
training Results - Epoch: 1  Avg accuracy: 0.46 Avg loss: 1.13 Avg F1: 0.26
validation Results - Epoch: 1  Avg accuracy: 0.47 Avg loss: 1.15 Avg F1: 0.27
training Results - Epoch: 2  Avg accuracy: 0.88 Avg loss: 0.30 Avg F1: 0.90
validation Results - Epoch: 2  Avg accuracy: 0.87 Avg loss: 0.30 Avg F1: 0.89
training Results - Epoch: 3  Avg accuracy: 0.88 Avg loss: 0.32 Avg F1: 0.90
validation Results - Epoch: 3  Avg accuracy: 0.89 Avg loss: 0.32 Avg F1: 0.91
training Results - Epoch: 4  Avg accuracy: 0.89 Avg loss: 0.28 Avg F1: 0.91
validation Results - Epoch: 4  Avg accuracy: 0.89 Avg loss: 0.29 Avg F1: 0.91
training Results - Epoch: 5  Avg accuracy: 0.89 Avg loss: 0.26 Avg F1: 0.91
validation Results - Epoch: 5  Avg accuracy: 0.89 Avg loss: 0.27 Avg F1: 0.91
training Results - Epoch: 6  Avg accuracy: 0.89 Avg loss: 0.26 Avg F1: 0.91
validation Results - Epoch: 6  Avg accuracy: 0.89 Avg loss: 0.27 Avg F1: 0.91
training Results - Epoch: 7  Avg accuracy: 0.90 Avg loss: 0.24 Avg F1: 0.92
validation Results - Epoch: 7  Avg accuracy: 0.89 Avg loss: 0.25 Avg F1: 0.92
training Results - Epoch: 8  Avg accuracy: 0.89 Avg loss: 0.27 Avg F1: 0.91
validation Results - Epoch: 8  Avg accuracy: 0.89 Avg loss: 0.29 Avg F1: 0.91
training Results - Epoch: 9  Avg accuracy: 0.89 Avg loss: 0.24 Avg F1: 0.92
validation Results - Epoch: 9  Avg accuracy: 0.88 Avg loss: 0.27 Avg F1: 0.90
[I 2020-09-29 16:27:06,708] Trial 24 finished with value: 0.9210420303477911 and parameters: {'block_num': 2, 'layer_size_hop': 3, 'kernel_size': 3}. Best is trial 10 with value: 0.9620218948506556.
spatial feature len: 51200, temporal feature len: 300
training Results - Epoch: 1  Avg accuracy: 0.88 Avg loss: 0.35 Avg F1: 0.90
validation Results - Epoch: 1  Avg accuracy: 0.87 Avg loss: 0.35 Avg F1: 0.90
training Results - Epoch: 2  Avg accuracy: 0.88 Avg loss: 0.33 Avg F1: 0.91
validation Results - Epoch: 2  Avg accuracy: 0.88 Avg loss: 0.32 Avg F1: 0.91
training Results - Epoch: 3  Avg accuracy: 0.89 Avg loss: 0.28 Avg F1: 0.92
validation Results - Epoch: 3  Avg accuracy: 0.89 Avg loss: 0.28 Avg F1: 0.91
training Results - Epoch: 4  Avg accuracy: 0.87 Avg loss: 0.37 Avg F1: 0.90
validation Results - Epoch: 4  Avg accuracy: 0.87 Avg loss: 0.38 Avg F1: 0.89
training Results - Epoch: 5  Avg accuracy: 0.89 Avg loss: 0.29 Avg F1: 0.91
validation Results - Epoch: 5  Avg accuracy: 0.88 Avg loss: 0.30 Avg F1: 0.91
[I 2020-09-29 16:28:39,153] Trial 25 finished with value: 0.9177248677248677 and parameters: {'block_num': 1, 'layer_size_hop': 4, 'kernel_size': 5}. Best is trial 10 with value: 0.9620218948506556.
spatial feature len: 51200, temporal feature len: 300
training Results - Epoch: 1  Avg accuracy: 0.87 Avg loss: 0.50 Avg F1: 0.90
validation Results - Epoch: 1  Avg accuracy: 0.87 Avg loss: 0.50 Avg F1: 0.90
training Results - Epoch: 2  Avg accuracy: 0.87 Avg loss: 0.27 Avg F1: 0.91
validation Results - Epoch: 2  Avg accuracy: 0.88 Avg loss: 0.27 Avg F1: 0.91
training Results - Epoch: 3  Avg accuracy: 0.89 Avg loss: 0.27 Avg F1: 0.92
validation Results - Epoch: 3  Avg accuracy: 0.89 Avg loss: 0.28 Avg F1: 0.91
training Results - Epoch: 4  Avg accuracy: 0.89 Avg loss: 0.25 Avg F1: 0.92
validation Results - Epoch: 4  Avg accuracy: 0.89 Avg loss: 0.27 Avg F1: 0.91
training Results - Epoch: 5  Avg accuracy: 0.88 Avg loss: 0.25 Avg F1: 0.91
validation Results - Epoch: 5  Avg accuracy: 0.89 Avg loss: 0.26 Avg F1: 0.92
training Results - Epoch: 6  Avg accuracy: 0.89 Avg loss: 0.25 Avg F1: 0.92
validation Results - Epoch: 6  Avg accuracy: 0.89 Avg loss: 0.27 Avg F1: 0.91
[I 2020-09-29 16:30:31,813] Trial 26 finished with value: 0.9189224447198487 and parameters: {'block_num': 1, 'layer_size_hop': 2, 'kernel_size': 3}. Best is trial 10 with value: 0.9620218948506556.
spatial feature len: 25600, temporal feature len: 300
training Results - Epoch: 1  Avg accuracy: 0.81 Avg loss: 0.48 Avg F1: 0.83
validation Results - Epoch: 1  Avg accuracy: 0.79 Avg loss: 0.47 Avg F1: 0.81
training Results - Epoch: 2  Avg accuracy: 0.87 Avg loss: 0.30 Avg F1: 0.90
validation Results - Epoch: 2  Avg accuracy: 0.87 Avg loss: 0.30 Avg F1: 0.89
training Results - Epoch: 3  Avg accuracy: 0.89 Avg loss: 0.27 Avg F1: 0.92
validation Results - Epoch: 3  Avg accuracy: 0.89 Avg loss: 0.27 Avg F1: 0.92
training Results - Epoch: 4  Avg accuracy: 0.89 Avg loss: 0.30 Avg F1: 0.91
validation Results - Epoch: 4  Avg accuracy: 0.89 Avg loss: 0.30 Avg F1: 0.92
training Results - Epoch: 5  Avg accuracy: 0.89 Avg loss: 0.27 Avg F1: 0.91
validation Results - Epoch: 5  Avg accuracy: 0.89 Avg loss: 0.28 Avg F1: 0.91
training Results - Epoch: 6  Avg accuracy: 0.90 Avg loss: 0.24 Avg F1: 0.92
validation Results - Epoch: 6  Avg accuracy: 0.90 Avg loss: 0.25 Avg F1: 0.92
training Results - Epoch: 7  Avg accuracy: 0.90 Avg loss: 0.26 Avg F1: 0.92
validation Results - Epoch: 7  Avg accuracy: 0.90 Avg loss: 0.27 Avg F1: 0.92
training Results - Epoch: 8  Avg accuracy: 0.90 Avg loss: 0.23 Avg F1: 0.92
validation Results - Epoch: 8  Avg accuracy: 0.90 Avg loss: 0.25 Avg F1: 0.92
training Results - Epoch: 9  Avg accuracy: 0.90 Avg loss: 0.24 Avg F1: 0.92
validation Results - Epoch: 9  Avg accuracy: 0.89 Avg loss: 0.26 Avg F1: 0.92
training Results - Epoch: 10  Avg accuracy: 0.90 Avg loss: 0.23 Avg F1: 0.92
validation Results - Epoch: 10  Avg accuracy: 0.89 Avg loss: 0.27 Avg F1: 0.91
[I 2020-09-29 16:36:07,455] Trial 27 finished with value: 0.9249233579022894 and parameters: {'block_num': 2, 'layer_size_hop': 3, 'kernel_size': 3}. Best is trial 10 with value: 0.9620218948506556.
spatial feature len: 6400, temporal feature len: 300
training Results - Epoch: 1  Avg accuracy: 0.88 Avg loss: 0.28 Avg F1: 0.91
validation Results - Epoch: 1  Avg accuracy: 0.88 Avg loss: 0.28 Avg F1: 0.91
training Results - Epoch: 2  Avg accuracy: 0.89 Avg loss: 0.28 Avg F1: 0.91
validation Results - Epoch: 2  Avg accuracy: 0.89 Avg loss: 0.27 Avg F1: 0.91
training Results - Epoch: 3  Avg accuracy: 0.88 Avg loss: 0.28 Avg F1: 0.91
validation Results - Epoch: 3  Avg accuracy: 0.88 Avg loss: 0.28 Avg F1: 0.90
training Results - Epoch: 4  Avg accuracy: 0.89 Avg loss: 0.27 Avg F1: 0.91
validation Results - Epoch: 4  Avg accuracy: 0.89 Avg loss: 0.27 Avg F1: 0.91
training Results - Epoch: 5  Avg accuracy: 0.89 Avg loss: 0.27 Avg F1: 0.92
validation Results - Epoch: 5  Avg accuracy: 0.89 Avg loss: 0.27 Avg F1: 0.92
training Results - Epoch: 6  Avg accuracy: 0.90 Avg loss: 0.25 Avg F1: 0.92
validation Results - Epoch: 6  Avg accuracy: 0.90 Avg loss: 0.26 Avg F1: 0.92
training Results - Epoch: 7  Avg accuracy: 0.89 Avg loss: 0.25 Avg F1: 0.92
validation Results - Epoch: 7  Avg accuracy: 0.89 Avg loss: 0.25 Avg F1: 0.92
training Results - Epoch: 8  Avg accuracy: 0.90 Avg loss: 0.27 Avg F1: 0.92
validation Results - Epoch: 8  Avg accuracy: 0.90 Avg loss: 0.27 Avg F1: 0.92
training Results - Epoch: 9  Avg accuracy: 0.89 Avg loss: 0.25 Avg F1: 0.92
validation Results - Epoch: 9  Avg accuracy: 0.90 Avg loss: 0.25 Avg F1: 0.92
training Results - Epoch: 10  Avg accuracy: 0.90 Avg loss: 0.25 Avg F1: 0.92
validation Results - Epoch: 10  Avg accuracy: 0.90 Avg loss: 0.26 Avg F1: 0.92
training Results - Epoch: 11  Avg accuracy: 0.90 Avg loss: 0.25 Avg F1: 0.92
validation Results - Epoch: 11  Avg accuracy: 0.90 Avg loss: 0.26 Avg F1: 0.92
[I 2020-09-29 16:49:42,555] Trial 28 finished with value: 0.9226269609146504 and parameters: {'block_num': 4, 'layer_size_hop': 2, 'kernel_size': 5}. Best is trial 10 with value: 0.9620218948506556.
spatial feature len: 51200, temporal feature len: 300
training Results - Epoch: 1  Avg accuracy: 0.86 Avg loss: 0.46 Avg F1: 0.89
validation Results - Epoch: 1  Avg accuracy: 0.86 Avg loss: 0.44 Avg F1: 0.89
training Results - Epoch: 2  Avg accuracy: 0.88 Avg loss: 0.40 Avg F1: 0.91
validation Results - Epoch: 2  Avg accuracy: 0.88 Avg loss: 0.40 Avg F1: 0.91
training Results - Epoch: 3  Avg accuracy: 0.88 Avg loss: 0.30 Avg F1: 0.90
validation Results - Epoch: 3  Avg accuracy: 0.87 Avg loss: 0.31 Avg F1: 0.90
training Results - Epoch: 4  Avg accuracy: 0.89 Avg loss: 0.26 Avg F1: 0.92
validation Results - Epoch: 4  Avg accuracy: 0.88 Avg loss: 0.27 Avg F1: 0.91
training Results - Epoch: 5  Avg accuracy: 0.89 Avg loss: 0.25 Avg F1: 0.92
validation Results - Epoch: 5  Avg accuracy: 0.89 Avg loss: 0.26 Avg F1: 0.92
training Results - Epoch: 6  Avg accuracy: 0.89 Avg loss: 0.26 Avg F1: 0.92
validation Results - Epoch: 6  Avg accuracy: 0.89 Avg loss: 0.28 Avg F1: 0.91
training Results - Epoch: 7  Avg accuracy: 0.89 Avg loss: 0.24 Avg F1: 0.92
validation Results - Epoch: 7  Avg accuracy: 0.89 Avg loss: 0.25 Avg F1: 0.92
training Results - Epoch: 8  Avg accuracy: 0.90 Avg loss: 0.24 Avg F1: 0.92
validation Results - Epoch: 8  Avg accuracy: 0.89 Avg loss: 0.27 Avg F1: 0.92
training Results - Epoch: 9  Avg accuracy: 0.90 Avg loss: 0.24 Avg F1: 0.92
validation Results - Epoch: 9  Avg accuracy: 0.89 Avg loss: 0.27 Avg F1: 0.92
training Results - Epoch: 10  Avg accuracy: 0.90 Avg loss: 0.24 Avg F1: 0.92
validation Results - Epoch: 10  Avg accuracy: 0.88 Avg loss: 0.28 Avg F1: 0.91
training Results - Epoch: 11  Avg accuracy: 0.90 Avg loss: 0.24 Avg F1: 0.92
validation Results - Epoch: 11  Avg accuracy: 0.88 Avg loss: 0.29 Avg F1: 0.91
training Results - Epoch: 12  Avg accuracy: 0.90 Avg loss: 0.23 Avg F1: 0.93
validation Results - Epoch: 12  Avg accuracy: 0.88 Avg loss: 0.27 Avg F1: 0.91
training Results - Epoch: 13  Avg accuracy: 0.90 Avg loss: 0.23 Avg F1: 0.93
validation Results - Epoch: 13  Avg accuracy: 0.88 Avg loss: 0.28 Avg F1: 0.91
training Results - Epoch: 14  Avg accuracy: 0.91 Avg loss: 0.21 Avg F1: 0.93
validation Results - Epoch: 14  Avg accuracy: 0.89 Avg loss: 0.27 Avg F1: 0.92
training Results - Epoch: 15  Avg accuracy: 0.91 Avg loss: 0.20 Avg F1: 0.93
validation Results - Epoch: 15  Avg accuracy: 0.88 Avg loss: 0.29 Avg F1: 0.91
training Results - Epoch: 16  Avg accuracy: 0.91 Avg loss: 0.20 Avg F1: 0.93
validation Results - Epoch: 16  Avg accuracy: 0.89 Avg loss: 0.31 Avg F1: 0.91
training Results - Epoch: 17  Avg accuracy: 0.92 Avg loss: 0.19 Avg F1: 0.94
validation Results - Epoch: 17  Avg accuracy: 0.89 Avg loss: 0.30 Avg F1: 0.91
training Results - Epoch: 18  Avg accuracy: 0.92 Avg loss: 0.19 Avg F1: 0.94
validation Results - Epoch: 18  Avg accuracy: 0.89 Avg loss: 0.32 Avg F1: 0.91
training Results - Epoch: 19  Avg accuracy: 0.92 Avg loss: 0.20 Avg F1: 0.94
validation Results - Epoch: 19  Avg accuracy: 0.88 Avg loss: 0.35 Avg F1: 0.91
training Results - Epoch: 20  Avg accuracy: 0.91 Avg loss: 0.21 Avg F1: 0.93
validation Results - Epoch: 20  Avg accuracy: 0.87 Avg loss: 0.39 Avg F1: 0.90
[I 2020-09-29 16:55:47,543] Trial 29 finished with value: 0.93971140541609 and parameters: {'block_num': 1, 'layer_size_hop': 3, 'kernel_size': 3}. Best is trial 10 with value: 0.9620218948506556.

=== LSTM ===
[I 2020-09-29 16:55:47,544] A new study created in memory with name: no-name-02b3599d-43dd-40af-af12-99e069b50939
spatial feature len: 6400, temporal feature len: 150
training Results - Epoch: 1  Avg accuracy: 0.89 Avg loss: 0.27 Avg F1: 0.91
validation Results - Epoch: 1  Avg accuracy: 0.89 Avg loss: 0.27 Avg F1: 0.91
training Results - Epoch: 2  Avg accuracy: 0.86 Avg loss: 0.35 Avg F1: 0.90
validation Results - Epoch: 2  Avg accuracy: 0.86 Avg loss: 0.34 Avg F1: 0.90
training Results - Epoch: 3  Avg accuracy: 0.90 Avg loss: 0.25 Avg F1: 0.92
validation Results - Epoch: 3  Avg accuracy: 0.90 Avg loss: 0.26 Avg F1: 0.92
training Results - Epoch: 4  Avg accuracy: 0.87 Avg loss: 0.29 Avg F1: 0.91
validation Results - Epoch: 4  Avg accuracy: 0.87 Avg loss: 0.28 Avg F1: 0.91
training Results - Epoch: 5  Avg accuracy: 0.89 Avg loss: 0.25 Avg F1: 0.92
validation Results - Epoch: 5  Avg accuracy: 0.89 Avg loss: 0.25 Avg F1: 0.91
training Results - Epoch: 6  Avg accuracy: 0.87 Avg loss: 0.31 Avg F1: 0.90
validation Results - Epoch: 6  Avg accuracy: 0.87 Avg loss: 0.32 Avg F1: 0.90
[I 2020-09-29 16:56:47,441] Trial 0 finished with value: 0.9196499602227526 and parameters: {'t_hidden_dim': 150, 't_output_dim': 150}. Best is trial 0 with value: 0.9196499602227526.
spatial feature len: 6400, temporal feature len: 50
training Results - Epoch: 1  Avg accuracy: 0.89 Avg loss: 0.27 Avg F1: 0.91
validation Results - Epoch: 1  Avg accuracy: 0.89 Avg loss: 0.27 Avg F1: 0.91
training Results - Epoch: 2  Avg accuracy: 0.89 Avg loss: 0.26 Avg F1: 0.92
validation Results - Epoch: 2  Avg accuracy: 0.89 Avg loss: 0.26 Avg F1: 0.92
training Results - Epoch: 3  Avg accuracy: 0.89 Avg loss: 0.26 Avg F1: 0.92
validation Results - Epoch: 3  Avg accuracy: 0.89 Avg loss: 0.26 Avg F1: 0.92
training Results - Epoch: 4  Avg accuracy: 0.89 Avg loss: 0.25 Avg F1: 0.92
validation Results - Epoch: 4  Avg accuracy: 0.89 Avg loss: 0.26 Avg F1: 0.92
training Results - Epoch: 5  Avg accuracy: 0.90 Avg loss: 0.25 Avg F1: 0.92
validation Results - Epoch: 5  Avg accuracy: 0.90 Avg loss: 0.26 Avg F1: 0.92
training Results - Epoch: 6  Avg accuracy: 0.90 Avg loss: 0.24 Avg F1: 0.92
validation Results - Epoch: 6  Avg accuracy: 0.89 Avg loss: 0.26 Avg F1: 0.92
training Results - Epoch: 7  Avg accuracy: 0.90 Avg loss: 0.24 Avg F1: 0.92
validation Results - Epoch: 7  Avg accuracy: 0.89 Avg loss: 0.26 Avg F1: 0.92
training Results - Epoch: 8  Avg accuracy: 0.90 Avg loss: 0.25 Avg F1: 0.92
validation Results - Epoch: 8  Avg accuracy: 0.89 Avg loss: 0.28 Avg F1: 0.92
[I 2020-09-29 16:58:12,036] Trial 1 finished with value: 0.9233435541927743 and parameters: {'t_hidden_dim': 300, 't_output_dim': 50}. Best is trial 1 with value: 0.9233435541927743.
spatial feature len: 6400, temporal feature len: 300
training Results - Epoch: 1  Avg accuracy: 0.88 Avg loss: 0.27 Avg F1: 0.91
validation Results - Epoch: 1  Avg accuracy: 0.89 Avg loss: 0.27 Avg F1: 0.91
training Results - Epoch: 2  Avg accuracy: 0.88 Avg loss: 0.29 Avg F1: 0.91
validation Results - Epoch: 2  Avg accuracy: 0.88 Avg loss: 0.28 Avg F1: 0.91
training Results - Epoch: 3  Avg accuracy: 0.89 Avg loss: 0.26 Avg F1: 0.92
validation Results - Epoch: 3  Avg accuracy: 0.90 Avg loss: 0.26 Avg F1: 0.92
training Results - Epoch: 4  Avg accuracy: 0.89 Avg loss: 0.25 Avg F1: 0.92
validation Results - Epoch: 4  Avg accuracy: 0.89 Avg loss: 0.25 Avg F1: 0.92
training Results - Epoch: 5  Avg accuracy: 0.90 Avg loss: 0.24 Avg F1: 0.92
validation Results - Epoch: 5  Avg accuracy: 0.89 Avg loss: 0.25 Avg F1: 0.92
training Results - Epoch: 6  Avg accuracy: 0.90 Avg loss: 0.24 Avg F1: 0.92
validation Results - Epoch: 6  Avg accuracy: 0.89 Avg loss: 0.26 Avg F1: 0.92
[I 2020-09-29 16:59:14,524] Trial 2 finished with value: 0.9216662300235787 and parameters: {'t_hidden_dim': 300, 't_output_dim': 300}. Best is trial 1 with value: 0.9233435541927743.
spatial feature len: 6400, temporal feature len: 450
training Results - Epoch: 1  Avg accuracy: 0.88 Avg loss: 0.29 Avg F1: 0.91
validation Results - Epoch: 1  Avg accuracy: 0.88 Avg loss: 0.28 Avg F1: 0.91
training Results - Epoch: 2  Avg accuracy: 0.89 Avg loss: 0.26 Avg F1: 0.92
validation Results - Epoch: 2  Avg accuracy: 0.89 Avg loss: 0.25 Avg F1: 0.92
training Results - Epoch: 3  Avg accuracy: 0.89 Avg loss: 0.26 Avg F1: 0.92
validation Results - Epoch: 3  Avg accuracy: 0.89 Avg loss: 0.25 Avg F1: 0.92
training Results - Epoch: 4  Avg accuracy: 0.90 Avg loss: 0.25 Avg F1: 0.92
validation Results - Epoch: 4  Avg accuracy: 0.88 Avg loss: 0.26 Avg F1: 0.91
training Results - Epoch: 5  Avg accuracy: 0.89 Avg loss: 0.26 Avg F1: 0.92
validation Results - Epoch: 5  Avg accuracy: 0.89 Avg loss: 0.27 Avg F1: 0.91
[I 2020-09-29 17:00:06,527] Trial 3 finished with value: 0.918525261720528 and parameters: {'t_hidden_dim': 250, 't_output_dim': 450}. Best is trial 1 with value: 0.9233435541927743.
spatial feature len: 6400, temporal feature len: 150
training Results - Epoch: 1  Avg accuracy: 0.86 Avg loss: 0.33 Avg F1: 0.88
validation Results - Epoch: 1  Avg accuracy: 0.84 Avg loss: 0.33 Avg F1: 0.87
training Results - Epoch: 2  Avg accuracy: 0.89 Avg loss: 0.26 Avg F1: 0.92
validation Results - Epoch: 2  Avg accuracy: 0.89 Avg loss: 0.26 Avg F1: 0.92
training Results - Epoch: 3  Avg accuracy: 0.90 Avg loss: 0.26 Avg F1: 0.92
validation Results - Epoch: 3  Avg accuracy: 0.89 Avg loss: 0.26 Avg F1: 0.92
training Results - Epoch: 4  Avg accuracy: 0.89 Avg loss: 0.25 Avg F1: 0.92
validation Results - Epoch: 4  Avg accuracy: 0.88 Avg loss: 0.27 Avg F1: 0.91
training Results - Epoch: 5  Avg accuracy: 0.90 Avg loss: 0.23 Avg F1: 0.92
validation Results - Epoch: 5  Avg accuracy: 0.89 Avg loss: 0.26 Avg F1: 0.92
training Results - Epoch: 6  Avg accuracy: 0.90 Avg loss: 0.23 Avg F1: 0.92
validation Results - Epoch: 6  Avg accuracy: 0.89 Avg loss: 0.25 Avg F1: 0.92
training Results - Epoch: 7  Avg accuracy: 0.90 Avg loss: 0.24 Avg F1: 0.92
validation Results - Epoch: 7  Avg accuracy: 0.88 Avg loss: 0.28 Avg F1: 0.91
training Results - Epoch: 8  Avg accuracy: 0.90 Avg loss: 0.23 Avg F1: 0.92
validation Results - Epoch: 8  Avg accuracy: 0.88 Avg loss: 0.27 Avg F1: 0.91
[I 2020-09-29 17:01:27,329] Trial 4 finished with value: 0.9233463559207867 and parameters: {'t_hidden_dim': 250, 't_output_dim': 150}. Best is trial 4 with value: 0.9233463559207867.
spatial feature len: 6400, temporal feature len: 500
training Results - Epoch: 1  Avg accuracy: 0.88 Avg loss: 0.28 Avg F1: 0.91
validation Results - Epoch: 1  Avg accuracy: 0.89 Avg loss: 0.27 Avg F1: 0.91
training Results - Epoch: 2  Avg accuracy: 0.89 Avg loss: 0.26 Avg F1: 0.91
validation Results - Epoch: 2  Avg accuracy: 0.89 Avg loss: 0.27 Avg F1: 0.91
training Results - Epoch: 3  Avg accuracy: 0.89 Avg loss: 0.27 Avg F1: 0.91
validation Results - Epoch: 3  Avg accuracy: 0.88 Avg loss: 0.27 Avg F1: 0.91
training Results - Epoch: 4  Avg accuracy: 0.90 Avg loss: 0.25 Avg F1: 0.92
validation Results - Epoch: 4  Avg accuracy: 0.89 Avg loss: 0.26 Avg F1: 0.91
training Results - Epoch: 5  Avg accuracy: 0.90 Avg loss: 0.24 Avg F1: 0.92
validation Results - Epoch: 5  Avg accuracy: 0.89 Avg loss: 0.26 Avg F1: 0.91
training Results - Epoch: 6  Avg accuracy: 0.89 Avg loss: 0.25 Avg F1: 0.91
validation Results - Epoch: 6  Avg accuracy: 0.88 Avg loss: 0.28 Avg F1: 0.90
training Results - Epoch: 7  Avg accuracy: 0.90 Avg loss: 0.24 Avg F1: 0.92
validation Results - Epoch: 7  Avg accuracy: 0.89 Avg loss: 0.27 Avg F1: 0.91
training Results - Epoch: 8  Avg accuracy: 0.90 Avg loss: 0.24 Avg F1: 0.92
validation Results - Epoch: 8  Avg accuracy: 0.88 Avg loss: 0.28 Avg F1: 0.90
training Results - Epoch: 9  Avg accuracy: 0.89 Avg loss: 0.25 Avg F1: 0.91
validation Results - Epoch: 9  Avg accuracy: 0.87 Avg loss: 0.31 Avg F1: 0.90
[I 2020-09-29 17:02:58,562] Trial 5 finished with value: 0.9225261735900033 and parameters: {'t_hidden_dim': 150, 't_output_dim': 500}. Best is trial 4 with value: 0.9233463559207867.
spatial feature len: 6400, temporal feature len: 450
training Results - Epoch: 1  Avg accuracy: 0.88 Avg loss: 0.28 Avg F1: 0.91
validation Results - Epoch: 1  Avg accuracy: 0.88 Avg loss: 0.28 Avg F1: 0.91
training Results - Epoch: 2  Avg accuracy: 0.89 Avg loss: 0.27 Avg F1: 0.91
validation Results - Epoch: 2  Avg accuracy: 0.88 Avg loss: 0.27 Avg F1: 0.91
training Results - Epoch: 3  Avg accuracy: 0.89 Avg loss: 0.25 Avg F1: 0.91
validation Results - Epoch: 3  Avg accuracy: 0.88 Avg loss: 0.27 Avg F1: 0.91
training Results - Epoch: 4  Avg accuracy: 0.90 Avg loss: 0.25 Avg F1: 0.92
validation Results - Epoch: 4  Avg accuracy: 0.89 Avg loss: 0.27 Avg F1: 0.92
training Results - Epoch: 5  Avg accuracy: 0.90 Avg loss: 0.24 Avg F1: 0.92
validation Results - Epoch: 5  Avg accuracy: 0.89 Avg loss: 0.27 Avg F1: 0.92
training Results - Epoch: 6  Avg accuracy: 0.90 Avg loss: 0.25 Avg F1: 0.92
validation Results - Epoch: 6  Avg accuracy: 0.89 Avg loss: 0.28 Avg F1: 0.92
training Results - Epoch: 7  Avg accuracy: 0.90 Avg loss: 0.23 Avg F1: 0.92
validation Results - Epoch: 7  Avg accuracy: 0.89 Avg loss: 0.28 Avg F1: 0.91
training Results - Epoch: 8  Avg accuracy: 0.90 Avg loss: 0.25 Avg F1: 0.92
validation Results - Epoch: 8  Avg accuracy: 0.88 Avg loss: 0.32 Avg F1: 0.91
training Results - Epoch: 9  Avg accuracy: 0.91 Avg loss: 0.22 Avg F1: 0.93
validation Results - Epoch: 9  Avg accuracy: 0.89 Avg loss: 0.28 Avg F1: 0.91
training Results - Epoch: 10  Avg accuracy: 0.91 Avg loss: 0.22 Avg F1: 0.93
validation Results - Epoch: 10  Avg accuracy: 0.89 Avg loss: 0.29 Avg F1: 0.91
training Results - Epoch: 11  Avg accuracy: 0.90 Avg loss: 0.24 Avg F1: 0.92
validation Results - Epoch: 11  Avg accuracy: 0.88 Avg loss: 0.34 Avg F1: 0.90
training Results - Epoch: 12  Avg accuracy: 0.90 Avg loss: 0.26 Avg F1: 0.92
validation Results - Epoch: 12  Avg accuracy: 0.85 Avg loss: 0.38 Avg F1: 0.88
