[I 2020-09-29 15:36:41,740] Trial 11 finished with value: 0.936409981218138 and parameters: {'block_num': 1, 'layer_size_hop': 2, 'kernel_size': 3}. Best is trial 10 with value: 0.9620218948506556.
spatial feature len: 51200, temporal feature len: 300
training Results - Epoch: 1  Avg accuracy: 0.87 Avg loss: 0.41 Avg F1: 0.89
validation Results - Epoch: 1  Avg accuracy: 0.87 Avg loss: 0.39 Avg F1: 0.90
training Results - Epoch: 2  Avg accuracy: 0.67 Avg loss: 0.82 Avg F1: 0.66
validation Results - Epoch: 2  Avg accuracy: 0.66 Avg loss: 0.84 Avg F1: 0.63
training Results - Epoch: 3  Avg accuracy: 0.89 Avg loss: 0.26 Avg F1: 0.91
validation Results - Epoch: 3  Avg accuracy: 0.89 Avg loss: 0.26 Avg F1: 0.91
training Results - Epoch: 4  Avg accuracy: 0.87 Avg loss: 0.28 Avg F1: 0.90
validation Results - Epoch: 4  Avg accuracy: 0.87 Avg loss: 0.30 Avg F1: 0.89
training Results - Epoch: 5  Avg accuracy: 0.89 Avg loss: 0.25 Avg F1: 0.92
validation Results - Epoch: 5  Avg accuracy: 0.89 Avg loss: 0.26 Avg F1: 0.91
training Results - Epoch: 6  Avg accuracy: 0.90 Avg loss: 0.25 Avg F1: 0.92
validation Results - Epoch: 6  Avg accuracy: 0.88 Avg loss: 0.28 Avg F1: 0.91
training Results - Epoch: 7  Avg accuracy: 0.90 Avg loss: 0.23 Avg F1: 0.93
validation Results - Epoch: 7  Avg accuracy: 0.89 Avg loss: 0.26 Avg F1: 0.92
training Results - Epoch: 8  Avg accuracy: 0.91 Avg loss: 0.21 Avg F1: 0.93
validation Results - Epoch: 8  Avg accuracy: 0.89 Avg loss: 0.26 Avg F1: 0.92
training Results - Epoch: 9  Avg accuracy: 0.91 Avg loss: 0.22 Avg F1: 0.93
validation Results - Epoch: 9  Avg accuracy: 0.89 Avg loss: 0.27 Avg F1: 0.92
training Results - Epoch: 10  Avg accuracy: 0.91 Avg loss: 0.22 Avg F1: 0.93
validation Results - Epoch: 10  Avg accuracy: 0.89 Avg loss: 0.30 Avg F1: 0.91
training Results - Epoch: 11  Avg accuracy: 0.91 Avg loss: 0.21 Avg F1: 0.93
validation Results - Epoch: 11  Avg accuracy: 0.89 Avg loss: 0.28 Avg F1: 0.92
training Results - Epoch: 12  Avg accuracy: 0.92 Avg loss: 0.19 Avg F1: 0.94
validation Results - Epoch: 12  Avg accuracy: 0.89 Avg loss: 0.30 Avg F1: 0.91
training Results - Epoch: 13  Avg accuracy: 0.92 Avg loss: 0.19 Avg F1: 0.94
validation Results - Epoch: 13  Avg accuracy: 0.88 Avg loss: 0.31 Avg F1: 0.91
training Results - Epoch: 14  Avg accuracy: 0.91 Avg loss: 0.19 Avg F1: 0.94
validation Results - Epoch: 14  Avg accuracy: 0.88 Avg loss: 0.30 Avg F1: 0.91
[I 2020-09-29 15:40:51,186] Trial 12 finished with value: 0.939755838641189 and parameters: {'block_num': 1, 'layer_size_hop': 3, 'kernel_size': 3}. Best is trial 10 with value: 0.9620218948506556.
spatial feature len: 25600, temporal feature len: 300
training Results - Epoch: 1  Avg accuracy: 0.89 Avg loss: 0.30 Avg F1: 0.91
validation Results - Epoch: 1  Avg accuracy: 0.89 Avg loss: 0.30 Avg F1: 0.91
training Results - Epoch: 2  Avg accuracy: 0.89 Avg loss: 0.28 Avg F1: 0.91
validation Results - Epoch: 2  Avg accuracy: 0.89 Avg loss: 0.28 Avg F1: 0.91
training Results - Epoch: 3  Avg accuracy: 0.89 Avg loss: 0.25 Avg F1: 0.92
validation Results - Epoch: 3  Avg accuracy: 0.89 Avg loss: 0.26 Avg F1: 0.92
training Results - Epoch: 4  Avg accuracy: 0.89 Avg loss: 0.27 Avg F1: 0.91
validation Results - Epoch: 4  Avg accuracy: 0.89 Avg loss: 0.28 Avg F1: 0.91
training Results - Epoch: 5  Avg accuracy: 0.88 Avg loss: 0.30 Avg F1: 0.90
validation Results - Epoch: 5  Avg accuracy: 0.87 Avg loss: 0.32 Avg F1: 0.89
[I 2020-09-29 15:43:37,482] Trial 13 finished with value: 0.9175250791085976 and parameters: {'block_num': 2, 'layer_size_hop': 3, 'kernel_size': 3}. Best is trial 10 with value: 0.9620218948506556.
spatial feature len: 25600, temporal feature len: 300
training Results - Epoch: 1  Avg accuracy: 0.88 Avg loss: 0.31 Avg F1: 0.90
validation Results - Epoch: 1  Avg accuracy: 0.88 Avg loss: 0.31 Avg F1: 0.91
training Results - Epoch: 2  Avg accuracy: 0.88 Avg loss: 0.27 Avg F1: 0.91
validation Results - Epoch: 2  Avg accuracy: 0.88 Avg loss: 0.27 Avg F1: 0.91
training Results - Epoch: 3  Avg accuracy: 0.88 Avg loss: 0.26 Avg F1: 0.91
validation Results - Epoch: 3  Avg accuracy: 0.88 Avg loss: 0.25 Avg F1: 0.91
training Results - Epoch: 4  Avg accuracy: 0.89 Avg loss: 0.25 Avg F1: 0.92
validation Results - Epoch: 4  Avg accuracy: 0.89 Avg loss: 0.25 Avg F1: 0.92
training Results - Epoch: 5  Avg accuracy: 0.90 Avg loss: 0.24 Avg F1: 0.92
validation Results - Epoch: 5  Avg accuracy: 0.89 Avg loss: 0.25 Avg F1: 0.92
training Results - Epoch: 6  Avg accuracy: 0.90 Avg loss: 0.25 Avg F1: 0.92
validation Results - Epoch: 6  Avg accuracy: 0.89 Avg loss: 0.26 Avg F1: 0.92
training Results - Epoch: 7  Avg accuracy: 0.89 Avg loss: 0.26 Avg F1: 0.92
validation Results - Epoch: 7  Avg accuracy: 0.89 Avg loss: 0.28 Avg F1: 0.91
[I 2020-09-29 15:47:44,362] Trial 14 finished with value: 0.9201803235216124 and parameters: {'block_num': 2, 'layer_size_hop': 4, 'kernel_size': 3}. Best is trial 10 with value: 0.9620218948506556.
spatial feature len: 51200, temporal feature len: 300
training Results - Epoch: 1  Avg accuracy: 0.88 Avg loss: 0.28 Avg F1: 0.91
validation Results - Epoch: 1  Avg accuracy: 0.87 Avg loss: 0.28 Avg F1: 0.90
training Results - Epoch: 2  Avg accuracy: 0.89 Avg loss: 0.26 Avg F1: 0.92
validation Results - Epoch: 2  Avg accuracy: 0.89 Avg loss: 0.26 Avg F1: 0.92
training Results - Epoch: 3  Avg accuracy: 0.88 Avg loss: 0.26 Avg F1: 0.91
validation Results - Epoch: 3  Avg accuracy: 0.88 Avg loss: 0.26 Avg F1: 0.91
training Results - Epoch: 4  Avg accuracy: 0.89 Avg loss: 0.25 Avg F1: 0.92
validation Results - Epoch: 4  Avg accuracy: 0.89 Avg loss: 0.26 Avg F1: 0.92
training Results - Epoch: 5  Avg accuracy: 0.89 Avg loss: 0.24 Avg F1: 0.92
validation Results - Epoch: 5  Avg accuracy: 0.89 Avg loss: 0.26 Avg F1: 0.92
training Results - Epoch: 6  Avg accuracy: 0.90 Avg loss: 0.24 Avg F1: 0.92
validation Results - Epoch: 6  Avg accuracy: 0.89 Avg loss: 0.27 Avg F1: 0.92
training Results - Epoch: 7  Avg accuracy: 0.90 Avg loss: 0.24 Avg F1: 0.93
validation Results - Epoch: 7  Avg accuracy: 0.89 Avg loss: 0.28 Avg F1: 0.92
training Results - Epoch: 8  Avg accuracy: 0.90 Avg loss: 0.23 Avg F1: 0.93
validation Results - Epoch: 8  Avg accuracy: 0.89 Avg loss: 0.28 Avg F1: 0.92
training Results - Epoch: 9  Avg accuracy: 0.90 Avg loss: 0.23 Avg F1: 0.93
validation Results - Epoch: 9  Avg accuracy: 0.90 Avg loss: 0.28 Avg F1: 0.92
training Results - Epoch: 10  Avg accuracy: 0.91 Avg loss: 0.21 Avg F1: 0.93
validation Results - Epoch: 10  Avg accuracy: 0.89 Avg loss: 0.30 Avg F1: 0.92
training Results - Epoch: 11  Avg accuracy: 0.92 Avg loss: 0.20 Avg F1: 0.93
validation Results - Epoch: 11  Avg accuracy: 0.89 Avg loss: 0.29 Avg F1: 0.92
training Results - Epoch: 12  Avg accuracy: 0.92 Avg loss: 0.20 Avg F1: 0.94
validation Results - Epoch: 12  Avg accuracy: 0.89 Avg loss: 0.32 Avg F1: 0.91
training Results - Epoch: 13  Avg accuracy: 0.92 Avg loss: 0.20 Avg F1: 0.94
validation Results - Epoch: 13  Avg accuracy: 0.88 Avg loss: 0.31 Avg F1: 0.91
training Results - Epoch: 14  Avg accuracy: 0.91 Avg loss: 0.22 Avg F1: 0.93
validation Results - Epoch: 14  Avg accuracy: 0.86 Avg loss: 0.36 Avg F1: 0.89
[I 2020-09-29 15:52:01,746] Trial 15 finished with value: 0.9365684112024597 and parameters: {'block_num': 1, 'layer_size_hop': 3, 'kernel_size': 5}. Best is trial 10 with value: 0.9620218948506556.
spatial feature len: 25600, temporal feature len: 300
training Results - Epoch: 1  Avg accuracy: 0.84 Avg loss: 0.36 Avg F1: 0.86
validation Results - Epoch: 1  Avg accuracy: 0.83 Avg loss: 0.37 Avg F1: 0.85
training Results - Epoch: 2  Avg accuracy: 0.89 Avg loss: 0.28 Avg F1: 0.91
validation Results - Epoch: 2  Avg accuracy: 0.89 Avg loss: 0.28 Avg F1: 0.91
training Results - Epoch: 3  Avg accuracy: 0.89 Avg loss: 0.25 Avg F1: 0.92
validation Results - Epoch: 3  Avg accuracy: 0.89 Avg loss: 0.26 Avg F1: 0.91
training Results - Epoch: 4  Avg accuracy: 0.89 Avg loss: 0.26 Avg F1: 0.92
validation Results - Epoch: 4  Avg accuracy: 0.88 Avg loss: 0.26 Avg F1: 0.91
training Results - Epoch: 5  Avg accuracy: 0.90 Avg loss: 0.24 Avg F1: 0.92
validation Results - Epoch: 5  Avg accuracy: 0.90 Avg loss: 0.26 Avg F1: 0.92
training Results - Epoch: 6  Avg accuracy: 0.89 Avg loss: 0.25 Avg F1: 0.91
validation Results - Epoch: 6  Avg accuracy: 0.88 Avg loss: 0.27 Avg F1: 0.90
training Results - Epoch: 7  Avg accuracy: 0.90 Avg loss: 0.25 Avg F1: 0.92
validation Results - Epoch: 7  Avg accuracy: 0.89 Avg loss: 0.26 Avg F1: 0.92
training Results - Epoch: 8  Avg accuracy: 0.88 Avg loss: 0.26 Avg F1: 0.90
validation Results - Epoch: 8  Avg accuracy: 0.87 Avg loss: 0.28 Avg F1: 0.89
training Results - Epoch: 9  Avg accuracy: 0.89 Avg loss: 0.26 Avg F1: 0.91
validation Results - Epoch: 9  Avg accuracy: 0.88 Avg loss: 0.28 Avg F1: 0.90
[I 2020-09-29 15:57:24,295] Trial 16 finished with value: 0.9226471566345195 and parameters: {'block_num': 2, 'layer_size_hop': 4, 'kernel_size': 3}. Best is trial 10 with value: 0.9620218948506556.
spatial feature len: 51200, temporal feature len: 300
training Results - Epoch: 1  Avg accuracy: 0.85 Avg loss: 0.41 Avg F1: 0.88
validation Results - Epoch: 1  Avg accuracy: 0.85 Avg loss: 0.40 Avg F1: 0.89
training Results - Epoch: 2  Avg accuracy: 0.86 Avg loss: 0.32 Avg F1: 0.90
validation Results - Epoch: 2  Avg accuracy: 0.86 Avg loss: 0.32 Avg F1: 0.90
training Results - Epoch: 3  Avg accuracy: 0.89 Avg loss: 0.29 Avg F1: 0.91
validation Results - Epoch: 3  Avg accuracy: 0.89 Avg loss: 0.30 Avg F1: 0.91
training Results - Epoch: 4  Avg accuracy: 0.89 Avg loss: 0.28 Avg F1: 0.91
validation Results - Epoch: 4  Avg accuracy: 0.89 Avg loss: 0.29 Avg F1: 0.91
training Results - Epoch: 5  Avg accuracy: 0.89 Avg loss: 0.25 Avg F1: 0.92
validation Results - Epoch: 5  Avg accuracy: 0.89 Avg loss: 0.27 Avg F1: 0.91
training Results - Epoch: 6  Avg accuracy: 0.90 Avg loss: 0.24 Avg F1: 0.92
validation Results - Epoch: 6  Avg accuracy: 0.89 Avg loss: 0.27 Avg F1: 0.92
training Results - Epoch: 7  Avg accuracy: 0.90 Avg loss: 0.24 Avg F1: 0.92
validation Results - Epoch: 7  Avg accuracy: 0.89 Avg loss: 0.27 Avg F1: 0.91
training Results - Epoch: 8  Avg accuracy: 0.90 Avg loss: 0.23 Avg F1: 0.92
validation Results - Epoch: 8  Avg accuracy: 0.89 Avg loss: 0.27 Avg F1: 0.92
training Results - Epoch: 9  Avg accuracy: 0.90 Avg loss: 0.24 Avg F1: 0.92
validation Results - Epoch: 9  Avg accuracy: 0.89 Avg loss: 0.29 Avg F1: 0.91
training Results - Epoch: 10  Avg accuracy: 0.90 Avg loss: 0.23 Avg F1: 0.92
validation Results - Epoch: 10  Avg accuracy: 0.89 Avg loss: 0.30 Avg F1: 0.91
[I 2020-09-29 16:00:18,264] Trial 17 finished with value: 0.9228049499116088 and parameters: {'block_num': 1, 'layer_size_hop': 3, 'kernel_size': 3}. Best is trial 10 with value: 0.9620218948506556.
spatial feature len: 25600, temporal feature len: 300
training Results - Epoch: 1  Avg accuracy: 0.82 Avg loss: 0.42 Avg F1: 0.84
validation Results - Epoch: 1  Avg accuracy: 0.81 Avg loss: 0.41 Avg F1: 0.83
training Results - Epoch: 2  Avg accuracy: 0.78 Avg loss: 0.44 Avg F1: 0.80
validation Results - Epoch: 2  Avg accuracy: 0.77 Avg loss: 0.43 Avg F1: 0.78
training Results - Epoch: 3  Avg accuracy: 0.86 Avg loss: 0.30 Avg F1: 0.88
validation Results - Epoch: 3  Avg accuracy: 0.84 Avg loss: 0.30 Avg F1: 0.87
training Results - Epoch: 4  Avg accuracy: 0.89 Avg loss: 0.26 Avg F1: 0.92
validation Results - Epoch: 4  Avg accuracy: 0.89 Avg loss: 0.25 Avg F1: 0.92
training Results - Epoch: 5  Avg accuracy: 0.88 Avg loss: 0.29 Avg F1: 0.91
validation Results - Epoch: 5  Avg accuracy: 0.89 Avg loss: 0.29 Avg F1: 0.91
training Results - Epoch: 6  Avg accuracy: 0.89 Avg loss: 0.25 Avg F1: 0.92
validation Results - Epoch: 6  Avg accuracy: 0.89 Avg loss: 0.25 Avg F1: 0.92
training Results - Epoch: 7  Avg accuracy: 0.89 Avg loss: 0.27 Avg F1: 0.92
validation Results - Epoch: 7  Avg accuracy: 0.90 Avg loss: 0.27 Avg F1: 0.92
training Results - Epoch: 8  Avg accuracy: 0.89 Avg loss: 0.28 Avg F1: 0.91
validation Results - Epoch: 8  Avg accuracy: 0.89 Avg loss: 0.28 Avg F1: 0.92
training Results - Epoch: 9  Avg accuracy: 0.90 Avg loss: 0.26 Avg F1: 0.92
validation Results - Epoch: 9  Avg accuracy: 0.89 Avg loss: 0.28 Avg F1: 0.91
training Results - Epoch: 10  Avg accuracy: 0.90 Avg loss: 0.24 Avg F1: 0.92
validation Results - Epoch: 10  Avg accuracy: 0.88 Avg loss: 0.26 Avg F1: 0.91
[I 2020-09-29 16:05:39,143] Trial 18 finished with value: 0.9201295196977873 and parameters: {'block_num': 2, 'layer_size_hop': 2, 'kernel_size': 5}. Best is trial 10 with value: 0.9620218948506556.
spatial feature len: 51200, temporal feature len: 300
training Results - Epoch: 1  Avg accuracy: 0.87 Avg loss: 0.29 Avg F1: 0.89
validation Results - Epoch: 1  Avg accuracy: 0.86 Avg loss: 0.29 Avg F1: 0.88
training Results - Epoch: 2  Avg accuracy: 0.88 Avg loss: 0.32 Avg F1: 0.91
validation Results - Epoch: 2  Avg accuracy: 0.89 Avg loss: 0.33 Avg F1: 0.91
training Results - Epoch: 3  Avg accuracy: 0.80 Avg loss: 0.55 Avg F1: 0.82
validation Results - Epoch: 3  Avg accuracy: 0.78 Avg loss: 0.59 Avg F1: 0.80
training Results - Epoch: 4  Avg accuracy: 0.89 Avg loss: 0.25 Avg F1: 0.92
validation Results - Epoch: 4  Avg accuracy: 0.89 Avg loss: 0.26 Avg F1: 0.92
training Results - Epoch: 5  Avg accuracy: 0.89 Avg loss: 0.29 Avg F1: 0.91
validation Results - Epoch: 5  Avg accuracy: 0.88 Avg loss: 0.31 Avg F1: 0.91
training Results - Epoch: 6  Avg accuracy: 0.89 Avg loss: 0.28 Avg F1: 0.91
validation Results - Epoch: 6  Avg accuracy: 0.88 Avg loss: 0.32 Avg F1: 0.90
[I 2020-09-29 16:07:25,149] Trial 19 finished with value: 0.9181959162574308 and parameters: {'block_num': 1, 'layer_size_hop': 3, 'kernel_size': 3}. Best is trial 10 with value: 0.9620218948506556.
spatial feature len: 25600, temporal feature len: 300
training Results - Epoch: 1  Avg accuracy: 0.88 Avg loss: 0.32 Avg F1: 0.90
validation Results - Epoch: 1  Avg accuracy: 0.88 Avg loss: 0.31 Avg F1: 0.90
training Results - Epoch: 2  Avg accuracy: 0.88 Avg loss: 0.29 Avg F1: 0.91
validation Results - Epoch: 2  Avg accuracy: 0.88 Avg loss: 0.29 Avg F1: 0.90
training Results - Epoch: 3  Avg accuracy: 0.88 Avg loss: 0.33 Avg F1: 0.90
validation Results - Epoch: 3  Avg accuracy: 0.87 Avg loss: 0.34 Avg F1: 0.90
training Results - Epoch: 4  Avg accuracy: 0.89 Avg loss: 0.25 Avg F1: 0.92
validation Results - Epoch: 4  Avg accuracy: 0.88 Avg loss: 0.25 Avg F1: 0.91
training Results - Epoch: 5  Avg accuracy: 0.90 Avg loss: 0.25 Avg F1: 0.92
validation Results - Epoch: 5  Avg accuracy: 0.89 Avg loss: 0.26 Avg F1: 0.91
training Results - Epoch: 6  Avg accuracy: 0.88 Avg loss: 0.27 Avg F1: 0.90
validation Results - Epoch: 6  Avg accuracy: 0.87 Avg loss: 0.29 Avg F1: 0.89
training Results - Epoch: 7  Avg accuracy: 0.88 Avg loss: 0.26 Avg F1: 0.91
validation Results - Epoch: 7  Avg accuracy: 0.87 Avg loss: 0.29 Avg F1: 0.89
[I 2020-09-29 16:11:08,156] Trial 20 finished with value: 0.9184063310137809 and parameters: {'block_num': 2, 'layer_size_hop': 2, 'kernel_size': 5}. Best is trial 10 with value: 0.9620218948506556.
spatial feature len: 51200, temporal feature len: 300
training Results - Epoch: 1  Avg accuracy: 0.86 Avg loss: 0.45 Avg F1: 0.90
validation Results - Epoch: 1  Avg accuracy: 0.86 Avg loss: 0.44 Avg F1: 0.90
training Results - Epoch: 2  Avg accuracy: 0.82 Avg loss: 0.41 Avg F1: 0.85
validation Results - Epoch: 2  Avg accuracy: 0.82 Avg loss: 0.40 Avg F1: 0.85
training Results - Epoch: 3  Avg accuracy: 0.89 Avg loss: 0.25 Avg F1: 0.92
validation Results - Epoch: 3  Avg accuracy: 0.89 Avg loss: 0.26 Avg F1: 0.92
training Results - Epoch: 4  Avg accuracy: 0.89 Avg loss: 0.25 Avg F1: 0.92
validation Results - Epoch: 4  Avg accuracy: 0.89 Avg loss: 0.27 Avg F1: 0.91
training Results - Epoch: 5  Avg accuracy: 0.90 Avg loss: 0.25 Avg F1: 0.92
validation Results - Epoch: 5  Avg accuracy: 0.89 Avg loss: 0.27 Avg F1: 0.92
training Results - Epoch: 6  Avg accuracy: 0.90 Avg loss: 0.24 Avg F1: 0.92
validation Results - Epoch: 6  Avg accuracy: 0.89 Avg loss: 0.27 Avg F1: 0.92
training Results - Epoch: 7  Avg accuracy: 0.90 Avg loss: 0.23 Avg F1: 0.92
validation Results - Epoch: 7  Avg accuracy: 0.89 Avg loss: 0.26 Avg F1: 0.91
training Results - Epoch: 8  Avg accuracy: 0.90 Avg loss: 0.23 Avg F1: 0.92
validation Results - Epoch: 8  Avg accuracy: 0.89 Avg loss: 0.26 Avg F1: 0.91
training Results - Epoch: 9  Avg accuracy: 0.91 Avg loss: 0.22 Avg F1: 0.93
validation Results - Epoch: 9  Avg accuracy: 0.89 Avg loss: 0.27 Avg F1: 0.91
training Results - Epoch: 10  Avg accuracy: 0.91 Avg loss: 0.22 Avg F1: 0.93
validation Results - Epoch: 10  Avg accuracy: 0.89 Avg loss: 0.29 Avg F1: 0.91
training Results - Epoch: 11  Avg accuracy: 0.91 Avg loss: 0.21 Avg F1: 0.93
validation Results - Epoch: 11  Avg accuracy: 0.88 Avg loss: 0.29 Avg F1: 0.91
training Results - Epoch: 12  Avg accuracy: 0.91 Avg loss: 0.21 Avg F1: 0.93
validation Results - Epoch: 12  Avg accuracy: 0.88 Avg loss: 0.28 Avg F1: 0.91
training Results - Epoch: 13  Avg accuracy: 0.91 Avg loss: 0.22 Avg F1: 0.93
validation Results - Epoch: 13  Avg accuracy: 0.88 Avg loss: 0.30 Avg F1: 0.91
training Results - Epoch: 14  Avg accuracy: 0.91 Avg loss: 0.20 Avg F1: 0.93
validation Results - Epoch: 14  Avg accuracy: 0.88 Avg loss: 0.30 Avg F1: 0.91
training Results - Epoch: 15  Avg accuracy: 0.91 Avg loss: 0.20 Avg F1: 0.93
validation Results - Epoch: 15  Avg accuracy: 0.89 Avg loss: 0.31 Avg F1: 0.92
training Results - Epoch: 16  Avg accuracy: 0.91 Avg loss: 0.21 Avg F1: 0.93
validation Results - Epoch: 16  Avg accuracy: 0.88 Avg loss: 0.35 Avg F1: 0.91
training Results - Epoch: 17  Avg accuracy: 0.91 Avg loss: 0.20 Avg F1: 0.93
validation Results - Epoch: 17  Avg accuracy: 0.88 Avg loss: 0.36 Avg F1: 0.90
[I 2020-09-29 16:16:22,453] Trial 21 finished with value: 0.9344695468357775 and parameters: {'block_num': 1, 'layer_size_hop': 3, 'kernel_size': 5}. Best is trial 10 with value: 0.9620218948506556.
spatial feature len: 51200, temporal feature len: 300
training Results - Epoch: 1  Avg accuracy: 0.83 Avg loss: 0.43 Avg F1: 0.86
validation Results - Epoch: 1  Avg accuracy: 0.83 Avg loss: 0.43 Avg F1: 0.85
training Results - Epoch: 2  Avg accuracy: 0.88 Avg loss: 0.31 Avg F1: 0.90
validation Results - Epoch: 2  Avg accuracy: 0.88 Avg loss: 0.32 Avg F1: 0.90
training Results - Epoch: 3  Avg accuracy: 0.90 Avg loss: 0.30 Avg F1: 0.92
validation Results - Epoch: 3  Avg accuracy: 0.89 Avg loss: 0.32 Avg F1: 0.91
training Results - Epoch: 4  Avg accuracy: 0.90 Avg loss: 0.24 Avg F1: 0.92
validation Results - Epoch: 4  Avg accuracy: 0.89 Avg loss: 0.27 Avg F1: 0.92
training Results - Epoch: 5  Avg accuracy: 0.90 Avg loss: 0.25 Avg F1: 0.93
validation Results - Epoch: 5  Avg accuracy: 0.89 Avg loss: 0.28 Avg F1: 0.91
training Results - Epoch: 6  Avg accuracy: 0.90 Avg loss: 0.24 Avg F1: 0.92
validation Results - Epoch: 6  Avg accuracy: 0.89 Avg loss: 0.28 Avg F1: 0.92
training Results - Epoch: 7  Avg accuracy: 0.90 Avg loss: 0.23 Avg F1: 0.92
validation Results - Epoch: 7  Avg accuracy: 0.88 Avg loss: 0.29 Avg F1: 0.91
[I 2020-09-29 16:18:26,993] Trial 22 finished with value: 0.9256133464180569 and parameters: {'block_num': 1, 'layer_size_hop': 4, 'kernel_size': 5}. Best is trial 10 with value: 0.9620218948506556.
spatial feature len: 51200, temporal feature len: 300
training Results - Epoch: 1  Avg accuracy: 0.85 Avg loss: 0.37 Avg F1: 0.87
validation Results - Epoch: 1  Avg accuracy: 0.84 Avg loss: 0.36 Avg F1: 0.86
training Results - Epoch: 2  Avg accuracy: 0.88 Avg loss: 0.30 Avg F1: 0.91
validation Results - Epoch: 2  Avg accuracy: 0.88 Avg loss: 0.31 Avg F1: 0.90
training Results - Epoch: 3  Avg accuracy: 0.89 Avg loss: 0.26 Avg F1: 0.92
validation Results - Epoch: 3  Avg accuracy: 0.89 Avg loss: 0.27 Avg F1: 0.91
training Results - Epoch: 4  Avg accuracy: 0.90 Avg loss: 0.24 Avg F1: 0.92
validation Results - Epoch: 4  Avg accuracy: 0.89 Avg loss: 0.26 Avg F1: 0.92
training Results - Epoch: 5  Avg accuracy: 0.90 Avg loss: 0.24 Avg F1: 0.92
validation Results - Epoch: 5  Avg accuracy: 0.89 Avg loss: 0.27 Avg F1: 0.92
training Results - Epoch: 6  Avg accuracy: 0.90 Avg loss: 0.24 Avg F1: 0.93
validation Results - Epoch: 6  Avg accuracy: 0.89 Avg loss: 0.27 Avg F1: 0.91
training Results - Epoch: 7  Avg accuracy: 0.91 Avg loss: 0.23 Avg F1: 0.93
validation Results - Epoch: 7  Avg accuracy: 0.88 Avg loss: 0.28 Avg F1: 0.91
training Results - Epoch: 8  Avg accuracy: 0.90 Avg loss: 0.24 Avg F1: 0.92
validation Results - Epoch: 8  Avg accuracy: 0.87 Avg loss: 0.31 Avg F1: 0.89
training Results - Epoch: 9  Avg accuracy: 0.91 Avg loss: 0.21 Avg F1: 0.93
validation Results - Epoch: 9  Avg accuracy: 0.88 Avg loss: 0.29 Avg F1: 0.90
training Results - Epoch: 10  Avg accuracy: 0.92 Avg loss: 0.19 Avg F1: 0.94
validation Results - Epoch: 10  Avg accuracy: 0.88 Avg loss: 0.30 Avg F1: 0.90
training Results - Epoch: 11  Avg accuracy: 0.91 Avg loss: 0.21 Avg F1: 0.93
validation Results - Epoch: 11  Avg accuracy: 0.87 Avg loss: 0.31 Avg F1: 0.90
training Results - Epoch: 12  Avg accuracy: 0.92 Avg loss: 0.20 Avg F1: 0.93
validation Results - Epoch: 12  Avg accuracy: 0.88 Avg loss: 0.36 Avg F1: 0.90
